#
# There is insufficient memory for the Java Runtime Environment to continue.
# Native memory allocation (malloc) failed to allocate 127926272 bytes for committing reserved memory.
# Possible reasons:
#   The system is out of physical RAM or swap space
#   In 32 bit mode, the process size limit was hit
# Possible solutions:
#   Reduce memory load on the system
#   Increase physical memory or swap space
#   Check if swap backing store is full
#   Use 64 bit Java on a 64 bit OS
#   Decrease Java heap size (-Xmx/-Xms)
#   Decrease number of Java threads
#   Decrease Java thread stack sizes (-Xss)
#   Set larger code cache with -XX:ReservedCodeCacheSize=
# This output file may be truncated or incomplete.
#
#  Out of Memory Error (os_linux.cpp:2756), pid=17661, tid=2681207616
#
# JRE version: Java(TM) SE Runtime Environment (7.0_75-b13) (build 1.7.0_75-b13)
# Java VM: Java HotSpot(TM) Server VM (24.75-b04 mixed mode linux-x86 )
# Failed to write core dump. Core dumps have been disabled. To enable core dumping, try "ulimit -c unlimited" before starting Java again
#

---------------  T H R E A D  ---------------

Current thread (0x9fd10400):  VMThread [stack: 0x9fc7f000,0x9fd00000] [id=17667]

Stack: [0x9fc7f000,0x9fd00000],  sp=0x9fcfe720,  free space=509k
Native frames: (J=compiled Java code, j=interpreted, Vv=VM code, C=native code)
V  [libjvm.so+0x7e9436]  VMError::report_and_die()+0x1a6
V  [libjvm.so+0x33da72]  report_vm_out_of_memory(char const*, int, unsigned int, char const*)+0x72
V  [libjvm.so+0x685b01]  os::Linux::commit_memory_impl(char*, unsigned int, bool)+0xe1
V  [libjvm.so+0x685fc8]  os::pd_commit_memory(char*, unsigned int, unsigned int, bool)+0x28
V  [libjvm.so+0x67f70c]  os::commit_memory(char*, unsigned int, unsigned int, bool)+0x2c
V  [libjvm.so+0x6e9938]  PSVirtualSpace::expand_by(unsigned int)+0x48
V  [libjvm.so+0x6eaa3a]  PSYoungGen::resize_generation(unsigned int, unsigned int)+0xda
V  [libjvm.so+0x6e9d79]  PSYoungGen::resize(unsigned int, unsigned int)+0x19
V  [libjvm.so+0x6e772e]  PSScavenge::invoke_no_policy()+0xd5e
V  [libjvm.so+0x6e7f08]  PSScavenge::invoke()+0x28
V  [libjvm.so+0x6a5aaa]  ParallelScavengeHeap::failed_mem_allocate(unsigned int)+0x5a
V  [libjvm.so+0x7eacca]  VM_ParallelGCFailedAllocation::doit()+0x7a
V  [libjvm.so+0x7f3ae7]  VM_Operation::evaluate()+0x47
V  [libjvm.so+0x7f1b83]  VMThread::evaluate_operation(VM_Operation*)+0xb3
V  [libjvm.so+0x7f1f20]  VMThread::loop()+0x1b0
V  [libjvm.so+0x7f2385]  VMThread::run()+0x85
V  [libjvm.so+0x687dd9]  java_start(Thread*)+0x119
C  [libpthread.so.0+0x6f70]  start_thread+0xd0

VM_Operation (0x9e759524): ParallelGCFailedAllocation, mode: safepoint, requested by thread 0xa2dc9c00


---------------  P R O C E S S  ---------------

Java Threads: ( => current thread )
  0x08b3ec00 JavaThread "process reaper" daemon [_thread_blocked, id=17688, stack(0x9e01f000,0x9e03a000)]
  0x08632000 JavaThread "File lock request listener" [_thread_in_native, id=17684, stack(0x9e4f3000,0x9e544000)]
  0x0847e400 JavaThread "Stdin handler" [_thread_blocked, id=17683, stack(0x9e5af000,0x9e600000)]
  0xa2dc9c00 JavaThread "Daemon worker" [_thread_blocked, id=17680, stack(0x9e70d000,0x9e75e000)]
  0x9e8df800 JavaThread "Cancel handler" [_thread_blocked, id=17679, stack(0x9e75e000,0x9e7af000)]
  0xa2dadc00 JavaThread "Handler for socket connection from /127.0.0.1:58376 to /127.0.0.1:35967" [_thread_in_native, id=17678, stack(0x9e7af000,0x9e800000)]
  0x083bc000 JavaThread "Daemon" [_thread_blocked, id=17677, stack(0x9ea1f000,0x9ea70000)]
  0x9e9eb800 JavaThread "Incoming local TCP Connector on port 58376" [_thread_in_native, id=17676, stack(0x9ea70000,0x9eac1000)]
  0x9fd33000 JavaThread "Service Thread" daemon [_thread_blocked, id=17673, stack(0x9f5e8000,0x9f639000)]
  0x9fd31400 JavaThread "C2 CompilerThread1" daemon [_thread_blocked, id=17672, stack(0x9f639000,0x9f6ba000)]
  0x9fd2f000 JavaThread "C2 CompilerThread0" daemon [_thread_blocked, id=17671, stack(0x9f6ba000,0x9f73b000)]
  0x9fd2d800 JavaThread "Signal Dispatcher" daemon [_thread_blocked, id=17670, stack(0x9f73b000,0x9f78c000)]
  0x9fd14400 JavaThread "Finalizer" daemon [_thread_blocked, id=17669, stack(0x9fc2e000,0x9fc7f000)]
  0x9fd12c00 JavaThread "Reference Handler" daemon [_thread_blocked, id=17668, stack(0xa2e2e000,0xa2e7f000)]
  0xf6607400 JavaThread "main" [_thread_blocked, id=17664, stack(0xf67f2000,0xf6843000)]

Other Threads:
=>0x9fd10400 VMThread [stack: 0x9fc7f000,0x9fd00000] [id=17667]
  0x9fd34c00 WatcherThread [stack: 0x9f567000,0x9f5e8000] [id=17674]

VM state:at safepoint (normal execution)

VM Mutex/Monitor currently owned by a thread:  ([mutex/lock_event])
[0xf6604d88] Threads_lock - owner thread: 0x9fd10400
[0xf6605198] Heap_lock - owner thread: 0xa2dc9c00

Heap
 PSYoungGen      total 127232K, used 8436K [0xddfc0000, 0xe6440000, 0xf3540000)
  eden space 118784K, 0% used [0xddfc0000,0xddfc0000,0xe53c0000)
  from space 8448K, 99% used [0xe53c0000,0xe5bfd368,0xe5c00000)
  to   space 8192K, 0% used [0xe5c40000,0xe5c40000,0xe6440000)
 ParOldGen       total 38656K, used 14873K [0xb3540000, 0xb5b00000, 0xddfc0000)
  object space 38656K, 38% used [0xb3540000,0xb43c66c0,0xb5b00000)
 PSPermGen       total 17152K, used 16920K [0xa3540000, 0xa4600000, 0xb3540000)
  object space 17152K, 98% used [0xa3540000,0xa45c6058,0xa4600000)

Card table byte_map: [0xa32bf000,0xa3540000] byte_map_base: 0xa2da4600

Polling page: 0xf778d000

Code Cache  [0xf3600000, 0xf3840000, 0xf6600000)
 total_blobs=751 nmethods=366 adapters=339 free_code_cache=47310Kb largest_free_block=48335488

Compilation events (10 events):
Event: 9,704 Thread 0x9fd31400 nmethod 388 0xf36610c8 code [0xf36611e0, 0xf3661384]
Event: 9,728 Thread 0x9fd2f000  389             sun.security.provider.MD5::FF (33 bytes)
Event: 9,729 Thread 0x9fd2f000 nmethod 389 0xf37721c8 code [0xf37722a0, 0xf3772310]
Event: 9,729 Thread 0x9fd2f000  390             sun.security.provider.MD5::GG (33 bytes)
Event: 9,730 Thread 0x9fd31400  391             sun.security.provider.MD5::HH (29 bytes)
Event: 9,730 Thread 0x9fd31400 nmethod 391 0xf3655088 code [0xf3655160, 0xf36551d0]
Event: 9,730 Thread 0x9fd31400  392             sun.security.provider.MD5::II (31 bytes)
Event: 9,731 Thread 0x9fd31400 nmethod 392 0xf36736c8 code [0xf36737a0, 0xf3673810]
Event: 9,732 Thread 0x9fd2f000 nmethod 390 0xf366bb88 code [0xf366bc60, 0xf366bcd0]
Event: 9,832 Thread 0x9fd31400  393             org.objectweb.asm.Type::getArgumentsAndReturnSizes (151 bytes)

GC Heap History (10 events):
Event: 1,712 GC heap after
Heap after GC invocations=2 (full 0):
 PSYoungGen      total 32000K, used 1724K [0xddfc0000, 0xe0140000, 0xf3540000)
  eden space 29696K, 0% used [0xddfc0000,0xddfc0000,0xdfcc0000)
  from space 2304K, 74% used [0xdff00000,0xe00af310,0xe0140000)
  to   space 2304K, 0% used [0xdfcc0000,0xdfcc0000,0xdff00000)
 ParOldGen       total 38656K, used 231K [0xb3540000, 0xb5b00000, 0xddfc0000)
  object space 38656K, 0% used [0xb3540000,0xb3579f98,0xb5b00000)
 PSPermGen       total 16384K, used 3587K [0xa3540000, 0xa4540000, 0xb3540000)
  object space 16384K, 21% used [0xa3540000,0xa38c0e60,0xa4540000)
}
Event: 2,945 GC heap before
{Heap before GC invocations=3 (full 0):
 PSYoungGen      total 32000K, used 31420K [0xddfc0000, 0xe0140000, 0xf3540000)
  eden space 29696K, 100% used [0xddfc0000,0xdfcc0000,0xdfcc0000)
  from space 2304K, 74% used [0xdff00000,0xe00af310,0xe0140000)
  to   space 2304K, 0% used [0xdfcc0000,0xdfcc0000,0xdff00000)
 ParOldGen       total 38656K, used 231K [0xb3540000, 0xb5b00000, 0xddfc0000)
  object space 38656K, 0% used [0xb3540000,0xb3579f98,0xb5b00000)
 PSPermGen       total 16384K, used 7462K [0xa3540000, 0xa4540000, 0xb3540000)
  object space 16384K, 45% used [0xa3540000,0xa3c89a50,0xa4540000)
Event: 2,973 GC heap after
Heap after GC invocations=3 (full 0):
 PSYoungGen      total 32000K, used 2303K [0xddfc0000, 0xe1e40000, 0xf3540000)
  eden space 29696K, 0% used [0xddfc0000,0xddfc0000,0xdfcc0000)
  from space 2304K, 99% used [0xdfcc0000,0xdfefffb0,0xdff00000)
  to   space 2304K, 0% used [0xe1c00000,0xe1c00000,0xe1e40000)
 ParOldGen       total 38656K, used 3577K [0xb3540000, 0xb5b00000, 0xddfc0000)
  object space 38656K, 9% used [0xb3540000,0xb38be498,0xb5b00000)
 PSPermGen       total 16384K, used 7462K [0xa3540000, 0xa4540000, 0xb3540000)
  object space 16384K, 45% used [0xa3540000,0xa3c89a50,0xa4540000)
}
Event: 4,319 GC heap before
{Heap before GC invocations=4 (full 0):
 PSYoungGen      total 32000K, used 31999K [0xddfc0000, 0xe1e40000, 0xf3540000)
  eden space 29696K, 100% used [0xddfc0000,0xdfcc0000,0xdfcc0000)
  from space 2304K, 99% used [0xdfcc0000,0xdfefffb0,0xdff00000)
  to   space 2304K, 0% used [0xe1c00000,0xe1c00000,0xe1e40000)
 ParOldGen       total 38656K, used 3577K [0xb3540000, 0xb5b00000, 0xddfc0000)
  object space 38656K, 9% used [0xb3540000,0xb38be498,0xb5b00000)
 PSPermGen       total 16384K, used 11544K [0xa3540000, 0xa4540000, 0xb3540000)
  object space 16384K, 70% used [0xa3540000,0xa40863b8,0xa4540000)
Event: 4,341 GC heap after
Heap after GC invocations=4 (full 0):
 PSYoungGen      total 61696K, used 2303K [0xddfc0000, 0xe1e40000, 0xf3540000)
  eden space 59392K, 0% used [0xddfc0000,0xddfc0000,0xe19c0000)
  from space 2304K, 99% used [0xe1c00000,0xe1e3fcb0,0xe1e40000)
  to   space 2304K, 0% used [0xe19c0000,0xe19c0000,0xe1c00000)
 ParOldGen       total 38656K, used 8570K [0xb3540000, 0xb5b00000, 0xddfc0000)
  object space 38656K, 22% used [0xb3540000,0xb3d9e808,0xb5b00000)
 PSPermGen       total 16384K, used 11544K [0xa3540000, 0xa4540000, 0xb3540000)
  object space 16384K, 70% used [0xa3540000,0xa40863b8,0xa4540000)
}
Event: 5,677 GC heap before
{Heap before GC invocations=5 (full 0):
 PSYoungGen      total 61696K, used 61695K [0xddfc0000, 0xe1e40000, 0xf3540000)
  eden space 59392K, 100% used [0xddfc0000,0xe19c0000,0xe19c0000)
  from space 2304K, 99% used [0xe1c00000,0xe1e3fcb0,0xe1e40000)
  to   space 2304K, 0% used [0xe19c0000,0xe19c0000,0xe1c00000)
 ParOldGen       total 38656K, used 8570K [0xb3540000, 0xb5b00000, 0xddfc0000)
  object space 38656K, 22% used [0xb3540000,0xb3d9e808,0xb5b00000)
 PSPermGen       total 16384K, used 13631K [0xa3540000, 0xa4540000, 0xb3540000)
  object space 16384K, 83% used [0xa3540000,0xa428fce0,0xa4540000)
Event: 5,743 GC heap after
Heap after GC invocations=5 (full 0):
 PSYoungGen      total 61696K, used 2301K [0xddfc0000, 0xe64c0000, 0xf3540000)
  eden space 59392K, 0% used [0xddfc0000,0xddfc0000,0xe19c0000)
  from space 2304K, 99% used [0xe19c0000,0xe1bff530,0xe1c00000)
  to   space 8704K, 0% used [0xe5c40000,0xe5c40000,0xe64c0000)
 ParOldGen       total 38656K, used 11758K [0xb3540000, 0xb5b00000, 0xddfc0000)
  object space 38656K, 30% used [0xb3540000,0xb40bb8d0,0xb5b00000)
 PSPermGen       total 16384K, used 13631K [0xa3540000, 0xa4540000, 0xb3540000)
  object space 16384K, 83% used [0xa3540000,0xa428fce0,0xa4540000)
}
Event: 6,665 GC heap before
{Heap before GC invocations=6 (full 0):
 PSYoungGen      total 61696K, used 61693K [0xddfc0000, 0xe64c0000, 0xf3540000)
  eden space 59392K, 100% used [0xddfc0000,0xe19c0000,0xe19c0000)
  from space 2304K, 99% used [0xe19c0000,0xe1bff530,0xe1c00000)
  to   space 8704K, 0% used [0xe5c40000,0xe5c40000,0xe64c0000)
 ParOldGen       total 38656K, used 11758K [0xb3540000, 0xb5b00000, 0xddfc0000)
  object space 38656K, 30% used [0xb3540000,0xb40bb8d0,0xb5b00000)
 PSPermGen       total 16384K, used 13633K [0xa3540000, 0xa4540000, 0xb3540000)
  object space 16384K, 83% used [0xa3540000,0xa4290558,0xa4540000)
Event: 6,724 GC heap after
Heap after GC invocations=6 (full 0):
 PSYoungGen      total 126976K, used 2943K [0xddfc0000, 0xe6440000, 0xf3540000)
  eden space 118784K, 0% used [0xddfc0000,0xddfc0000,0xe53c0000)
  from space 8192K, 35% used [0xe5c40000,0xe5f1fd40,0xe6440000)
  to   space 8448K, 0% used [0xe53c0000,0xe53c0000,0xe5c00000)
 ParOldGen       total 38656K, used 11758K [0xb3540000, 0xb5b00000, 0xddfc0000)
  object space 38656K, 30% used [0xb3540000,0xb40bb8d0,0xb5b00000)
 PSPermGen       total 16384K, used 13633K [0xa3540000, 0xa4540000, 0xb3540000)
  object space 16384K, 83% used [0xa3540000,0xa4290558,0xa4540000)
}
Event: 9,836 GC heap before
{Heap before GC invocations=7 (full 0):
 PSYoungGen      total 126976K, used 121727K [0xddfc0000, 0xe6440000, 0xf3540000)
  eden space 118784K, 100% used [0xddfc0000,0xe53c0000,0xe53c0000)
  from space 8192K, 35% used [0xe5c40000,0xe5f1fd40,0xe6440000)
  to   space 8448K, 0% used [0xe53c0000,0xe53c0000,0xe5c00000)
 ParOldGen       total 38656K, used 11758K [0xb3540000, 0xb5b00000, 0xddfc0000)
  object space 38656K, 30% used [0xb3540000,0xb40bb8d0,0xb5b00000)
 PSPermGen       total 17152K, used 16920K [0xa3540000, 0xa4600000, 0xb3540000)
  object space 17152K, 98% used [0xa3540000,0xa45c6058,0xa4600000)

Deoptimization events (10 events):
Event: 7,731 Thread 0xa2dc9c00 Uncommon trap: reason=class_check action=maybe_recompile pc=0xf378af78 method=java.util.HashMap$KeySet.iterator()Ljava/util/Iterator; @ 4
Event: 8,372 Thread 0xa2dc9c00 Uncommon trap: reason=unreached action=reinterpret pc=0xf368094c method=java.util.HashMap.get(Ljava/lang/Object;)Ljava/lang/Object; @ 1
Event: 8,896 Thread 0xa2dc9c00 Uncommon trap: reason=class_check action=maybe_recompile pc=0xf368df44 method=org.gradle.internal.service.DefaultServiceRegistry$SingletonService.getService(Lorg/gradle/internal/service/DefaultServiceRegistry$LookupContext;Lorg/gradle/internal/service/Def
Event: 8,896 Thread 0xa2dc9c00 Uncommon trap: reason=class_check action=maybe_recompile pc=0xf368df44 method=org.gradle.internal.service.DefaultServiceRegistry$SingletonService.getService(Lorg/gradle/internal/service/DefaultServiceRegistry$LookupContext;Lorg/gradle/internal/service/Def
Event: 8,896 Thread 0xa2dc9c00 Uncommon trap: reason=class_check action=maybe_recompile pc=0xf368df44 method=org.gradle.internal.service.DefaultServiceRegistry$SingletonService.getService(Lorg/gradle/internal/service/DefaultServiceRegistry$LookupContext;Lorg/gradle/internal/service/Def
Event: 8,896 Thread 0xa2dc9c00 Uncommon trap: reason=class_check action=maybe_recompile pc=0xf368df44 method=org.gradle.internal.service.DefaultServiceRegistry$SingletonService.getService(Lorg/gradle/internal/service/DefaultServiceRegistry$LookupContext;Lorg/gradle/internal/service/Def
Event: 9,272 Thread 0xa2dc9c00 Uncommon trap: reason=class_check action=maybe_recompile pc=0xf37d2188 method=org.codehaus.groovy.runtime.metaclass.MetaMethodIndex.addMethodToList(Ljava/lang/Object;Lgroovy/lang/MetaMethod;)Ljava/lang/Object; @ 218
Event: 9,272 Thread 0xa2dc9c00 Uncommon trap: reason=class_check action=maybe_recompile pc=0xf37d2188 method=org.codehaus.groovy.runtime.metaclass.MetaMethodIndex.addMethodToList(Ljava/lang/Object;Lgroovy/lang/MetaMethod;)Ljava/lang/Object; @ 218
Event: 9,273 Thread 0xa2dc9c00 Uncommon trap: reason=class_check action=maybe_recompile pc=0xf37d2188 method=org.codehaus.groovy.runtime.metaclass.MetaMethodIndex.addMethodToList(Ljava/lang/Object;Lgroovy/lang/MetaMethod;)Ljava/lang/Object; @ 218
Event: 9,293 Thread 0xa2dc9c00 Uncommon trap: reason=null_check action=make_not_entrant pc=0xf37dfe58 method=groovy.lang.MetaClassImpl.createMetaBeanProperty(Lorg/codehaus/groovy/util/SingleKeyHashMap;Ljava/lang/String;ZLgroovy/lang/MetaMethod;)V @ 5

Internal exceptions (10 events):
Event: 9,832 Thread 0xa2dc9c00 Threw 0xe539a980 at /HUDSON/workspace/7u-2-build-linux-i586/jdk7u75/1940/hotspot/src/share/vm/prims/jvm.cpp:1281
Event: 9,832 Thread 0xa2dc9c00 Threw 0xe53a0078 at /HUDSON/workspace/7u-2-build-linux-i586/jdk7u75/1940/hotspot/src/share/vm/prims/jvm.cpp:1281
Event: 9,832 Thread 0xa2dc9c00 Threw 0xe53a0ef0 at /HUDSON/workspace/7u-2-build-linux-i586/jdk7u75/1940/hotspot/src/share/vm/prims/jvm.cpp:1281
Event: 9,832 Thread 0xa2dc9c00 Threw 0xe53a6720 at /HUDSON/workspace/7u-2-build-linux-i586/jdk7u75/1940/hotspot/src/share/vm/prims/jvm.cpp:1281
Event: 9,833 Thread 0xa2dc9c00 Threw 0xe53a9570 at /HUDSON/workspace/7u-2-build-linux-i586/jdk7u75/1940/hotspot/src/share/vm/prims/jvm.cpp:1281
Event: 9,833 Thread 0xa2dc9c00 Threw 0xe53aa390 at /HUDSON/workspace/7u-2-build-linux-i586/jdk7u75/1940/hotspot/src/share/vm/prims/jvm.cpp:1281
Event: 9,833 Thread 0xa2dc9c00 Threw 0xe53af608 at /HUDSON/workspace/7u-2-build-linux-i586/jdk7u75/1940/hotspot/src/share/vm/prims/jvm.cpp:1281
Event: 9,833 Thread 0xa2dc9c00 Threw 0xe53b5238 at /HUDSON/workspace/7u-2-build-linux-i586/jdk7u75/1940/hotspot/src/share/vm/prims/jvm.cpp:1281
Event: 9,833 Thread 0xa2dc9c00 Threw 0xe53b6160 at /HUDSON/workspace/7u-2-build-linux-i586/jdk7u75/1940/hotspot/src/share/vm/prims/jvm.cpp:1281
Event: 9,834 Thread 0xa2dc9c00 Threw 0xe53bc590 at /HUDSON/workspace/7u-2-build-linux-i586/jdk7u75/1940/hotspot/src/share/vm/prims/jvm.cpp:1281

Events (10 events):
Event: 9,831 loading class 0x08693b58 done
Event: 9,831 loading class 0x08693ba0
Event: 9,831 loading class 0x08693ba0 done
Event: 9,832 loading class 0x08d18c68
Event: 9,832 loading class 0x08d18c68 done
Event: 9,833 loading class 0x08693be8
Event: 9,833 loading class 0x08693be8 done
Event: 9,833 loading class 0x08693c70
Event: 9,833 loading class 0x08693c70 done
Event: 9,836 Executing VM operation: ParallelGCFailedAllocation


Dynamic libraries:
08048000-08049000 r-xp 00000000 08:01 5769060                            /usr/lib/jvm/jdk1.7.0_75/bin/java
08049000-0804a000 rw-p 00000000 08:01 5769060                            /usr/lib/jvm/jdk1.7.0_75/bin/java
08275000-08e0e000 rw-p 00000000 00:00 0                                  [heap]
9de94000-9df00000 r--s 00696000 08:01 144774                             /home/god/android-studio/lib/groovy-all-2.3.9.jar
9df00000-9dfee000 rw-p 00000000 00:00 0 
9dfee000-9e000000 ---p 00000000 00:00 0 
9e01f000-9e022000 ---p 00000000 00:00 0 
9e022000-9e03a000 rw-p 00000000 00:00 0                                  [stack:17688]
9e03a000-9e100000 r--s 00f3d000 08:01 144740                             /home/god/android-studio/lib/openapi.jar
9e100000-9e2fe000 rw-p 00000000 00:00 0 
9e2fe000-9e300000 ---p 00000000 00:00 0 
9e300000-9e400000 rw-p 00000000 00:00 0 
9e405000-9e4cb000 r--s 00f3d000 08:01 682414                             /home/god/.gradle/caches/jars-1/f240xqz8eyiuqx38i2hr9rj2lorv7kc/openapi.jar
9e4cb000-9e4f3000 r--s 001cf000 08:01 682408                             /home/god/.gradle/caches/jars-1/87eo0lrvp84r6dbxjq018wy66es2era/guava-jdk5-17.0.jar
9e4f3000-9e4f6000 ---p 00000000 00:00 0 
9e4f6000-9e544000 rw-p 00000000 00:00 0                                  [stack:17684]
9e544000-9e5af000 r--s 00e22000 08:01 5525543                            /usr/lib/jvm/jdk1.7.0_75/lib/tools.jar
9e5af000-9e5b2000 ---p 00000000 00:00 0 
9e5b2000-9e600000 rw-p 00000000 00:00 0                                  [stack:17683]
9e600000-9e6fb000 rw-p 00000000 00:00 0 
9e6fb000-9e700000 ---p 00000000 00:00 0 
9e705000-9e708000 r--s 00024000 08:01 3807436                            /home/god/android-studio/plugins/gradle/lib/gradle-tooling-extension-impl.jar
9e708000-9e70d000 r--s 0002e000 08:01 144719                             /home/god/android-studio/lib/gson-2.3.jar
9e70d000-9e710000 ---p 00000000 00:00 0 
9e710000-9e75e000 rw-p 00000000 00:00 0                                  [stack:17680]
9e75e000-9e761000 ---p 00000000 00:00 0 
9e761000-9e7af000 rw-p 00000000 00:00 0                                  [stack:17679]
9e7af000-9e7b2000 ---p 00000000 00:00 0 
9e7b2000-9e800000 rw-p 00000000 00:00 0                                  [stack:17678]
9e800000-9e900000 rw-p 00000000 00:00 0 
9e900000-9e9fb000 rw-p 00000000 00:00 0 
9e9fb000-9ea00000 ---p 00000000 00:00 0 
9ea01000-9ea02000 r--p 00000000 00:00 0 
9ea02000-9ea04000 r--s 00005000 08:01 3807415                            /home/god/android-studio/plugins/gradle/lib/gradle-tooling-extension-api.jar
9ea04000-9ea05000 r--s 00000000 08:01 682416                             /home/god/.gradle/caches/jars-1/dg22azhabc6tsc1i8xni15giz1bnssh/gradle-appengine-builder-model-0.1.0.jar
9ea05000-9ea07000 r--s 00005000 08:01 682418                             /home/god/.gradle/caches/jars-1/nbo60g34apaec1q8xggue4jcl8ramo6/builder-model-1.5.0-beta2.jar
9ea07000-9ea09000 r--s 00005000 08:01 682412                             /home/god/.gradle/caches/jars-1/iaj5ork6auomi2ol9mxbshvs4g9yw31/gradle-tooling-extension-api.jar
9ea09000-9ea0f000 r--s 00026000 08:01 682410                             /home/god/.gradle/caches/jars-1/qlb402qqdb9mu9614i3hr843cfch7zw/gradle-base-services-2.2.jar
9ea0f000-9ea18000 r--s 0002c000 08:01 682406                             /home/god/.gradle/caches/jars-1/ltkluv74baem3ersp41z8rutm6he5v5/gradle-tooling-api-2.2.jar
9ea18000-9ea1f000 r--s 00000000 08:01 5506864                            /usr/lib/i386-linux-gnu/gconv/gconv-modules.cache
9ea1f000-9ea22000 ---p 00000000 00:00 0 
9ea22000-9ea70000 rw-p 00000000 00:00 0                                  [stack:17677]
9ea70000-9ea73000 ---p 00000000 00:00 0 
9ea73000-9eac1000 rw-p 00000000 00:00 0                                  [stack:17676]
9eac1000-9eac5000 r--s 0008b000 08:01 5649166                            /usr/lib/jvm/jdk1.7.0_75/jre/lib/jsse.jar
9eac5000-9eac7000 r--s 00005000 08:01 549118                             /home/god/.gradle/wrapper/dists/gradle-2.8-all/ah86jmo43de9lfa8xg9ux3c4h/gradle-2.8/lib/plugins/gradle-tooling-api-builders-2.8.jar
9eac7000-9ead7000 r--s 00088000 08:01 549378                             /home/god/.gradle/wrapper/dists/gradle-2.8-all/ah86jmo43de9lfa8xg9ux3c4h/gradle-2.8/lib/plugins/joda-time-2.8.2.jar
9ead7000-9eae8000 r--s 000cf000 08:01 549376                             /home/god/.gradle/wrapper/dists/gradle-2.8-all/ah86jmo43de9lfa8xg9ux3c4h/gradle-2.8/lib/plugins/jackson-databind-2.3.2.jar
9eae8000-9eaea000 r--s 00007000 08:01 549375                             /home/god/.gradle/wrapper/dists/gradle-2.8-all/ah86jmo43de9lfa8xg9ux3c4h/gradle-2.8/lib/plugins/jackson-annotations-2.3.2.jar
9eaea000-9eaf5000 r--s 0006b000 08:01 549373                             /home/god/.gradle/wrapper/dists/gradle-2.8-all/ah86jmo43de9lfa8xg9ux3c4h/gradle-2.8/lib/plugins/aws-java-sdk-core-1.9.19.jar
9eaf5000-9eb00000 r--s 00079000 08:01 549366                             /home/god/.gradle/wrapper/dists/gradle-2.8-all/ah86jmo43de9lfa8xg9ux3c4h/gradle-2.8/lib/plugins/aws-java-sdk-s3-1.9.19.jar
9eb00000-9ec00000 rw-p 00000000 00:00 0 
9ec00000-9ec03000 r--s 0002e000 08:01 549374                             /home/god/.gradle/wrapper/dists/gradle-2.8-all/ah86jmo43de9lfa8xg9ux3c4h/gradle-2.8/lib/plugins/jackson-core-2.3.2.jar
9ec03000-9ec09000 r--s 00036000 08:01 549367                             /home/god/.gradle/wrapper/dists/gradle-2.8-all/ah86jmo43de9lfa8xg9ux3c4h/gradle-2.8/lib/plugins/aws-java-sdk-kms-1.9.19.jar
9ec09000-9ec0a000 r--s 00003000 08:01 549116                             /home/god/.gradle/wrapper/dists/gradle-2.8-all/ah86jmo43de9lfa8xg9ux3c4h/gradle-2.8/lib/plugins/gradle-resources-s3-2.8.jar
9ec0a000-9ec0b000 r--s 00004000 08:01 549114                             /home/god/.gradle/wrapper/dists/gradle-2.8-all/ah86jmo43de9lfa8xg9ux3c4h/gradle-2.8/lib/plugins/gradle-resources-sftp-2.8.jar
9ec0b000-9ec0c000 r--s 00001000 08:01 549106                             /home/god/.gradle/wrapper/dists/gradle-2.8-all/ah86jmo43de9lfa8xg9ux3c4h/gradle-2.8/lib/plugins/gradle-plugin-development-2.8.jar
9ec0c000-9ec0e000 r--s 00005000 08:01 549104                             /home/god/.gradle/wrapper/dists/gradle-2.8-all/ah86jmo43de9lfa8xg9ux3c4h/gradle-2.8/lib/plugins/gradle-testing-native-2.8.jar
9ec0e000-9ec13000 r--s 0002b000 08:01 549102                             /home/god/.gradle/wrapper/dists/gradle-2.8-all/ah86jmo43de9lfa8xg9ux3c4h/gradle-2.8/lib/plugins/gradle-ide-native-2.8.jar
9ec13000-9ec19000 r--s 00019000 08:01 549100                             /home/god/.gradle/wrapper/dists/gradle-2.8-all/ah86jmo43de9lfa8xg9ux3c4h/gradle-2.8/lib/plugins/gradle-language-native-2.8.jar
9ec19000-9ec1e000 r--s 00028000 08:01 549098                             /home/god/.gradle/wrapper/dists/gradle-2.8-all/ah86jmo43de9lfa8xg9ux3c4h/gradle-2.8/lib/plugins/gradle-platform-play-2.8.jar
9ec1e000-9ec2b000 r--s 0004f000 08:01 549096                             /home/god/.gradle/wrapper/dists/gradle-2.8-all/ah86jmo43de9lfa8xg9ux3c4h/gradle-2.8/lib/plugins/gradle-platform-native-2.8.jar
9ec2b000-9ec2e000 r--s 00008000 08:01 549094                             /home/god/.gradle/wrapper/dists/gradle-2.8-all/ah86jmo43de9lfa8xg9ux3c4h/gradle-2.8/lib/plugins/gradle-language-scala-2.8.jar
9ec2e000-9ec31000 r--s 00009000 08:01 549092                             /home/god/.gradle/wrapper/dists/gradle-2.8-all/ah86jmo43de9lfa8xg9ux3c4h/gradle-2.8/lib/plugins/gradle-language-groovy-2.8.jar
9ec31000-9ec37000 r--s 00023000 08:01 549090                             /home/god/.gradle/wrapper/dists/gradle-2.8-all/ah86jmo43de9lfa8xg9ux3c4h/gradle-2.8/lib/plugins/gradle-language-java-2.8.jar
9ec37000-9ec39000 r--s 00008000 08:01 549088                             /home/god/.gradle/wrapper/dists/gradle-2.8-all/ah86jmo43de9lfa8xg9ux3c4h/gradle-2.8/lib/plugins/gradle-language-jvm-2.8.jar
9ec39000-9ec3c000 r--s 0000d000 08:01 549086                             /home/god/.gradle/wrapper/dists/gradle-2.8-all/ah86jmo43de9lfa8xg9ux3c4h/gradle-2.8/lib/plugins/gradle-platform-jvm-2.8.jar
9ec3c000-9ec44000 r--s 0002c000 08:01 549084                             /home/god/.gradle/wrapper/dists/gradle-2.8-all/ah86jmo43de9lfa8xg9ux3c4h/gradle-2.8/lib/plugins/gradle-platform-base-2.8.jar
9ec44000-9ec48000 r--s 00020000 08:01 549082                             /home/god/.gradle/wrapper/dists/gradle-2.8-all/ah86jmo43de9lfa8xg9ux3c4h/gradle-2.8/lib/plugins/gradle-build-init-2.8.jar
9ec48000-9ec4b000 r--s 00017000 08:01 549080                             /home/god/.gradle/wrapper/dists/gradle-2.8-all/ah86jmo43de9lfa8xg9ux3c4h/gradle-2.8/lib/plugins/gradle-jacoco-2.8.jar
9ec4b000-9ec4e000 r--s 0000e000 08:01 549078                             /home/god/.gradle/wrapper/dists/gradle-2.8-all/ah86jmo43de9lfa8xg9ux3c4h/gradle-2.8/lib/plugins/gradle-ivy-2.8.jar
9ec4e000-9ec50000 r--s 00002000 08:01 549066                             /home/god/.gradle/wrapper/dists/gradle-2.8-all/ah86jmo43de9lfa8xg9ux3c4h/gradle-2.8/lib/plugins/gradle-publish-2.8.jar
9ec50000-9ec52000 r--s 00005000 08:01 549345                             /home/god/.gradle/wrapper/dists/gradle-2.8-all/ah86jmo43de9lfa8xg9ux3c4h/gradle-2.8/lib/plugins/jatl-0.2.2.jar
9ec52000-9ec54000 r--s 0000f000 08:01 549064                             /home/god/.gradle/wrapper/dists/gradle-2.8-all/ah86jmo43de9lfa8xg9ux3c4h/gradle-2.8/lib/plugins/gradle-reporting-2.8.jar
9ec54000-9ec59000 r--s 00035000 08:01 549062                             /home/god/.gradle/wrapper/dists/gradle-2.8-all/ah86jmo43de9lfa8xg9ux3c4h/gradle-2.8/lib/plugins/gradle-diagnostics-2.8.jar
9ec59000-9ec60000 r--s 0008f000 08:01 549058                             /home/god/.gradle/wrapper/dists/gradle-2.8-all/ah86jmo43de9lfa8xg9ux3c4h/gradle-2.8/lib/plugins/gradle-build-comparison-2.8.jar
9ec60000-9ec67000 r--s 00035000 08:01 549341                             /home/god/.gradle/wrapper/dists/gradle-2.8-all/ah86jmo43de9lfa8xg9ux3c4h/gradle-2.8/lib/plugins/simple-4.1.21.jar
9ec67000-9ec73000 r--s 00100000 08:01 549320                             /home/god/.gradle/wrapper/dists/gradle-2.8-all/ah86jmo43de9lfa8xg9ux3c4h/gradle-2.8/lib/plugins/rhino-1.7R3.jar
9ec73000-9ec77000 r--s 0001c000 08:01 549056                             /home/god/.gradle/wrapper/dists/gradle-2.8-all/ah86jmo43de9lfa8xg9ux3c4h/gradle-2.8/lib/plugins/gradle-javascript-2.8.jar
9ec77000-9ec79000 r--s 0000b000 08:01 549054                             /home/god/.gradle/wrapper/dists/gradle-2.8-all/ah86jmo43de9lfa8xg9ux3c4h/gradle-2.8/lib/plugins/gradle-ear-2.8.jar
9ec79000-9ec80000 r--s 00038000 08:01 549308                             /home/god/.gradle/wrapper/dists/gradle-2.8-all/ah86jmo43de9lfa8xg9ux3c4h/gradle-2.8/lib/plugins/bcpg-jdk15on-1.51.jar
9ec80000-9ec82000 r--s 00017000 08:01 549042                             /home/god/.gradle/wrapper/dists/gradle-2.8-all/ah86jmo43de9lfa8xg9ux3c4h/gradle-2.8/lib/plugins/gradle-signing-2.8.jar
9ec82000-9ec83000 r--s 00002000 08:01 549306                             /home/god/.gradle/wrapper/dists/gradle-2.8-all/ah86jmo43de9lfa8xg9ux3c4h/gradle-2.8/lib/plugins/sonar-batch-bootstrapper-2.9.jar
9ec83000-9ec86000 r--s 00015000 08:01 549040                             /home/god/.gradle/wrapper/dists/gradle-2.8-all/ah86jmo43de9lfa8xg9ux3c4h/gradle-2.8/lib/plugins/gradle-sonar-2.8.jar
9ec86000-9ec89000 r--s 00010000 08:01 549038                             /home/god/.gradle/wrapper/dists/gradle-2.8-all/ah86jmo43de9lfa8xg9ux3c4h/gradle-2.8/lib/plugins/gradle-scala-2.8.jar
9ec89000-9ec8b000 r--s 0000a000 08:01 549036                             /home/god/.gradle/wrapper/dists/gradle-2.8-all/ah86jmo43de9lfa8xg9ux3c4h/gradle-2.8/lib/plugins/gradle-announce-2.8.jar
9ec8b000-9ec99000 r--s 0009f000 08:01 549034                             /home/god/.gradle/wrapper/dists/gradle-2.8-all/ah86jmo43de9lfa8xg9ux3c4h/gradle-2.8/lib/plugins/gradle-ide-2.8.jar
9ec99000-9ec9c000 r--s 0000c000 08:01 549234                             /home/god/.gradle/wrapper/dists/gradle-2.8-all/ah86jmo43de9lfa8xg9ux3c4h/gradle-2.8/lib/plugins/pmaven-groovy-0.8-20100325.jar
9ec9c000-9ec9d000 r--s 00004000 08:01 549232                             /home/god/.gradle/wrapper/dists/gradle-2.8-all/ah86jmo43de9lfa8xg9ux3c4h/gradle-2.8/lib/plugins/pmaven-common-0.8-20100325.jar
9ec9d000-9eca3000 r--s 00022000 08:01 549024                             /home/god/.gradle/wrapper/dists/gradle-2.8-all/ah86jmo43de9lfa8xg9ux3c4h/gradle-2.8/lib/plugins/gradle-maven-2.8.jar
9eca3000-9ecc4000 r--s 001c3000 08:01 549218                             /home/god/.gradle/wrapper/dists/gradle-2.8-all/ah86jmo43de9lfa8xg9ux3c4h/gradle-2.8/lib/plugins/bndlib-2.4.0.jar
9ecc4000-9ecc6000 r--s 00004000 08:01 549020                             /home/god/.gradle/wrapper/dists/gradle-2.8-all/ah86jmo43de9lfa8xg9ux3c4h/gradle-2.8/lib/plugins/gradle-osgi-2.8.jar
9ecc6000-9ecc8000 r--s 00008000 08:01 549018                             /home/god/.gradle/wrapper/dists/gradle-2.8-all/ah86jmo43de9lfa8xg9ux3c4h/gradle-2.8/lib/plugins/gradle-antlr-2.8.jar
9ecc8000-9eccb000 r--s 0001e000 08:01 549393                             /home/god/.gradle/wrapper/dists/gradle-2.8-all/ah86jmo43de9lfa8xg9ux3c4h/gradle-2.8/lib/plugins/jsp-api-2.1-6.1.14.jar
9eccb000-9ecee000 r--s 00344000 08:01 549392                             /home/god/.gradle/wrapper/dists/gradle-2.8-all/ah86jmo43de9lfa8xg9ux3c4h/gradle-2.8/lib/plugins/core-3.1.1.jar
9ecee000-9ecef000 r--s 00006000 08:01 549391                             /home/god/.gradle/wrapper/dists/gradle-2.8-all/ah86jmo43de9lfa8xg9ux3c4h/gradle-2.8/lib/plugins/jetty-naming-6.1.25.jar
9ecef000-9ed00000 r--s 000ea000 08:01 549190                             /home/god/.gradle/wrapper/dists/gradle-2.8-all/ah86jmo43de9lfa8xg9ux3c4h/gradle-2.8/lib/plugins/jsp-2.1-6.1.14.jar
9ed00000-9ee00000 rw-p 00000000 00:00 0 
9ee00000-9ee01000 r--s 00002000 08:01 549216                             /home/god/.gradle/wrapper/dists/gradle-2.8-all/ah86jmo43de9lfa8xg9ux3c4h/gradle-2.8/lib/plugins/geronimo-annotation_1.0_spec-1.0.jar
9ee01000-9ee03000 r--s 00002000 08:01 549214                             /home/god/.gradle/wrapper/dists/gradle-2.8-all/ah86jmo43de9lfa8xg9ux3c4h/gradle-2.8/lib/plugins/jetty-annotations-6.1.25.jar
9ee03000-9ee05000 r--s 0000d000 08:01 549172                             /home/god/.gradle/wrapper/dists/gradle-2.8-all/ah86jmo43de9lfa8xg9ux3c4h/gradle-2.8/lib/plugins/jetty-plus-6.1.25.jar
9ee05000-9ee07000 r--s 0001f000 08:01 549170                             /home/god/.gradle/wrapper/dists/gradle-2.8-all/ah86jmo43de9lfa8xg9ux3c4h/gradle-2.8/lib/plugins/servlet-api-2.5-20081211.jar
9ee07000-9ee0b000 r--s 00028000 08:01 549166                             /home/god/.gradle/wrapper/dists/gradle-2.8-all/ah86jmo43de9lfa8xg9ux3c4h/gradle-2.8/lib/plugins/jetty-util-6.1.25.jar
9ee0b000-9ee12000 r--s 0007d000 08:01 549162                             /home/god/.gradle/wrapper/dists/gradle-2.8-all/ah86jmo43de9lfa8xg9ux3c4h/gradle-2.8/lib/plugins/jetty-6.1.25.jar
9ee12000-9ee14000 r--s 00009000 08:01 549016                             /home/god/.gradle/wrapper/dists/gradle-2.8-all/ah86jmo43de9lfa8xg9ux3c4h/gradle-2.8/lib/plugins/gradle-jetty-2.8.jar
9ee14000-9ee1a000 r--s 00036000 08:01 549014                             /home/god/.gradle/wrapper/dists/gradle-2.8-all/ah86jmo43de9lfa8xg9ux3c4h/gradle-2.8/lib/plugins/gradle-code-quality-2.8.jar
9ee1a000-9ee1c000 r--s 00009000 08:01 549658                             /home/god/.gradle/wrapper/dists/gradle-2.8-all/ah86jmo43de9lfa8xg9ux3c4h/gradle-2.8/lib/plugins/hamcrest-core-1.3.jar
9ee1c000-9ee22000 r--s 00033000 08:01 549390                             /home/god/.gradle/wrapper/dists/gradle-2.8-all/ah86jmo43de9lfa8xg9ux3c4h/gradle-2.8/lib/plugins/snakeyaml-1.6.jar
9ee22000-9ee24000 r--s 00006000 08:01 549389                             /home/god/.gradle/wrapper/dists/gradle-2.8-all/ah86jmo43de9lfa8xg9ux3c4h/gradle-2.8/lib/plugins/jcommander-1.12.jar
9ee24000-9ee29000 r--s 00040000 08:01 549386                             /home/god/.gradle/wrapper/dists/gradle-2.8-all/ah86jmo43de9lfa8xg9ux3c4h/gradle-2.8/lib/plugins/bsh-2.0b4.jar
9ee29000-9ee2b000 r--s 00009000 08:01 549160                             /home/god/.gradle/wrapper/dists/gradle-2.8-all/ah86jmo43de9lfa8xg9ux3c4h/gradle-2.8/lib/plugins/commons-cli-1.2.jar
9ee2b000-9ee34000 r--s 00089000 08:01 549158                             /home/god/.gradle/wrapper/dists/gradle-2.8-all/ah86jmo43de9lfa8xg9ux3c4h/gradle-2.8/lib/plugins/testng-6.3.1.jar
9ee34000-9ee3c000 r--s 00045000 08:01 549154                             /home/god/.gradle/wrapper/dists/gradle-2.8-all/ah86jmo43de9lfa8xg9ux3c4h/gradle-2.8/lib/plugins/junit-4.12.jar
9ee3c000-9ee48000 r--s 00073000 08:01 549010                             /home/god/.gradle/wrapper/dists/gradle-2.8-all/ah86jmo43de9lfa8xg9ux3c4h/gradle-2.8/lib/plugins/gradle-plugins-2.8.jar
9ee48000-9ee60000 r--s 00115000 08:01 549655                             /home/god/.gradle/wrapper/dists/gradle-2.8-all/ah86jmo43de9lfa8xg9ux3c4h/gradle-2.8/lib/plugins/xercesImpl-2.9.1.jar
9ee60000-9ee68000 r--s 00028000 08:01 549656                             /home/god/.gradle/wrapper/dists/gradle-2.8-all/ah86jmo43de9lfa8xg9ux3c4h/gradle-2.8/lib/plugins/xml-apis-1.3.04.jar
9ee68000-9ee6e000 r--s 0005b000 08:01 549654                             /home/god/.gradle/wrapper/dists/gradle-2.8-all/ah86jmo43de9lfa8xg9ux3c4h/gradle-2.8/lib/plugins/jcifs-1.3.17.jar
9ee6e000-9ee74000 r--s 00031000 08:01 549653                             /home/god/.gradle/wrapper/dists/gradle-2.8-all/ah86jmo43de9lfa8xg9ux3c4h/gradle-2.8/lib/plugins/httpcore-4.2.2.jar
9ee74000-9ee7a000 r--s 00033000 08:01 549637                             /home/god/.gradle/wrapper/dists/gradle-2.8-all/ah86jmo43de9lfa8xg9ux3c4h/gradle-2.8/lib/plugins/commons-codec-1.6.jar
9ee7a000-9ee7d000 r--s 0001c000 08:01 549349                             /home/god/.gradle/wrapper/dists/gradle-2.8-all/ah86jmo43de9lfa8xg9ux3c4h/gradle-2.8/lib/plugins/nekohtml-1.9.14.jar
9ee7d000-9ee86000 r--s 00060000 08:01 549348                             /home/god/.gradle/wrapper/dists/gradle-2.8-all/ah86jmo43de9lfa8xg9ux3c4h/gradle-2.8/lib/plugins/httpclient-4.2.2.jar
9ee86000-9ee88000 r--s 00009000 08:01 549112                             /home/god/.gradle/wrapper/dists/gradle-2.8-all/ah86jmo43de9lfa8xg9ux3c4h/gradle-2.8/lib/plugins/gradle-resources-http-2.8.jar
9ee88000-9ee8b000 r--s 00011000 08:01 549110                             /home/god/.gradle/wrapper/dists/gradle-2.8-all/ah86jmo43de9lfa8xg9ux3c4h/gradle-2.8/lib/plugins/gradle-plugin-use-2.8.jar
9ee8b000-9ee8c000 r--s 00007000 08:01 549636                             /home/god/.gradle/wrapper/dists/gradle-2.8-all/ah86jmo43de9lfa8xg9ux3c4h/gradle-2.8/lib/plugins/wagon-http-shared4-2.4.jar
9ee8c000-9ee90000 r--s 00033000 08:01 549470                             /home/god/.gradle/wrapper/dists/gradle-2.8-all/ah86jmo43de9lfa8xg9ux3c4h/gradle-2.8/lib/plugins/plexus-utils-2.0.6.jar
9ee90000-9ee94000 r--s 00021000 08:01 549468                             /home/god/.gradle/wrapper/dists/gradle-2.8-all/ah86jmo43de9lfa8xg9ux3c4h/gradle-2.8/lib/plugins/maven-model-builder-3.0.4.jar
9ee94000-9ee95000 r--s 00002000 08:01 549464                             /home/god/.gradle/wrapper/dists/gradle-2.8-all/ah86jmo43de9lfa8xg9ux3c4h/gradle-2.8/lib/plugins/wagon-file-2.4.jar
9ee95000-9ee97000 r--s 00002000 08:01 549462                             /home/god/.gradle/wrapper/dists/gradle-2.8-all/ah86jmo43de9lfa8xg9ux3c4h/gradle-2.8/lib/plugins/plexus-cipher-1.7.jar
9ee97000-9ee9a000 r--s 00013000 08:01 549461                             /home/god/.gradle/wrapper/dists/gradle-2.8-all/ah86jmo43de9lfa8xg9ux3c4h/gradle-2.8/lib/plugins/aether-api-1.13.1.jar
9ee9a000-9ee9c000 r--s 0000a000 08:01 549451                             /home/god/.gradle/wrapper/dists/gradle-2.8-all/ah86jmo43de9lfa8xg9ux3c4h/gradle-2.8/lib/plugins/maven-settings-3.0.4.jar
9ee9c000-9ee9e000 r--s 0000d000 08:01 549450                             /home/god/.gradle/wrapper/dists/gradle-2.8-all/ah86jmo43de9lfa8xg9ux3c4h/gradle-2.8/lib/plugins/plexus-interpolation-1.14.jar
9ee9e000-9eea0000 r--s 0000b000 08:01 549449                             /home/god/.gradle/wrapper/dists/gradle-2.8-all/ah86jmo43de9lfa8xg9ux3c4h/gradle-2.8/lib/plugins/maven-artifact-3.0.4.jar
9eea0000-9eea7000 r--s 0002e000 08:01 549447                             /home/god/.gradle/wrapper/dists/gradle-2.8-all/ah86jmo43de9lfa8xg9ux3c4h/gradle-2.8/lib/plugins/plexus-container-default-1.5.5.jar
9eea7000-9eea9000 r--s 0000b000 08:01 549439                             /home/god/.gradle/wrapper/dists/gradle-2.8-all/ah86jmo43de9lfa8xg9ux3c4h/gradle-2.8/lib/plugins/maven-plugin-api-3.0.4.jar
9eea9000-9eeab000 r--s 00000000 08:01 549659                             /home/god/.gradle/wrapper/dists/gradle-2.8-all/ah86jmo43de9lfa8xg9ux3c4h/gradle-2.8/lib/plugins/plexus-component-annotations-1.5.5.jar
9eeab000-9eeb1000 r--s 0003f000 08:01 549431                             /home/god/.gradle/wrapper/dists/gradle-2.8-all/ah86jmo43de9lfa8xg9ux3c4h/gradle-2.8/lib/plugins/maven-compat-3.0.4.jar
9eeb1000-9eeb4000 r--s 00008000 08:01 549429                             /home/god/.gradle/wrapper/dists/gradle-2.8-all/ah86jmo43de9lfa8xg9ux3c4h/gradle-2.8/lib/plugins/maven-settings-builder-3.0.4.jar
9eeb4000-9eeb6000 r--s 00026000 08:01 549422                             /home/god/.gradle/wrapper/dists/gradle-2.8-all/ah86jmo43de9lfa8xg9ux3c4h/gradle-2.8/lib/plugins/maven-model-3.0.4.jar
9eeb6000-9eeb8000 r--s 00006000 08:01 549419                             /home/god/.gradle/wrapper/dists/gradle-2.8-all/ah86jmo43de9lfa8xg9ux3c4h/gradle-2.8/lib/plugins/aether-connector-wagon-1.13.1.jar
9eeb8000-9eeba000 r--s 0000a000 08:01 549416                             /home/god/.gradle/wrapper/dists/gradle-2.8-all/ah86jmo43de9lfa8xg9ux3c4h/gradle-2.8/lib/plugins/plexus-classworlds-2.4.jar
9eeba000-9eebc000 r--s 00006000 08:01 549415                             /home/god/.gradle/wrapper/dists/gradle-2.8-all/ah86jmo43de9lfa8xg9ux3c4h/gradle-2.8/lib/plugins/maven-repository-metadata-3.0.4.jar
9eebc000-9eebe000 r--s 0000c000 08:01 549413                             /home/god/.gradle/wrapper/dists/gradle-2.8-all/ah86jmo43de9lfa8xg9ux3c4h/gradle-2.8/lib/plugins/maven-aether-provider-3.0.4.jar
9eebe000-9eec0000 r--s 0000b000 08:01 549410                             /home/god/.gradle/wrapper/dists/gradle-2.8-all/ah86jmo43de9lfa8xg9ux3c4h/gradle-2.8/lib/plugins/wagon-provider-api-2.4.jar
9eec0000-9ef00000 r--s 00277000 08:01 549382                             /home/god/.gradle/wrapper/dists/gradle-2.8-all/ah86jmo43de9lfa8xg9ux3c4h/gradle-2.8/lib/plugins/bcprov-jdk15on-1.51.jar
9ef00000-9f000000 rw-p 00000000 00:00 0 
9f000000-9f001000 r--s 00002000 08:01 549423                             /home/god/.gradle/wrapper/dists/gradle-2.8-all/ah86jmo43de9lfa8xg9ux3c4h/gradle-2.8/lib/plugins/wagon-http-2.4.jar
9f001000-9f002000 r--s 00003000 08:01 549408                             /home/god/.gradle/wrapper/dists/gradle-2.8-all/ah86jmo43de9lfa8xg9ux3c4h/gradle-2.8/lib/plugins/aether-spi-1.13.1.jar
9f002000-9f006000 r--s 0001c000 08:01 549400                             /home/god/.gradle/wrapper/dists/gradle-2.8-all/ah86jmo43de9lfa8xg9ux3c4h/gradle-2.8/lib/plugins/aether-util-1.13.1.jar
9f006000-9f009000 r--s 0001d000 08:01 549398                             /home/god/.gradle/wrapper/dists/gradle-2.8-all/ah86jmo43de9lfa8xg9ux3c4h/gradle-2.8/lib/plugins/aether-impl-1.13.1.jar
9f009000-9f00a000 r--s 00006000 08:01 549395                             /home/god/.gradle/wrapper/dists/gradle-2.8-all/ah86jmo43de9lfa8xg9ux3c4h/gradle-2.8/lib/plugins/plexus-sec-dispatcher-1.3.jar
9f00a000-9f016000 r--s 0007d000 08:01 549222                             /home/god/.gradle/wrapper/dists/gradle-2.8-all/ah86jmo43de9lfa8xg9ux3c4h/gradle-2.8/lib/plugins/maven-core-3.0.4.jar
9f016000-9f025000 r--s 000d9000 08:01 549380                             /home/god/.gradle/wrapper/dists/gradle-2.8-all/ah86jmo43de9lfa8xg9ux3c4h/gradle-2.8/lib/plugins/ivy-2.2.0.jar
9f025000-9f041000 r-xp 00000000 08:01 1448586                            /lib/i386-linux-gnu/libgcc_s.so.1
9f041000-9f042000 rw-p 0001b000 08:01 1448586                            /lib/i386-linux-gnu/libgcc_s.so.1
9f042000-9f11e000 r-xp 00000000 08:01 5505296                            /usr/lib/i386-linux-gnu/libstdc++.so.6.0.19
9f11e000-9f122000 r--p 000dc000 08:01 5505296                            /usr/lib/i386-linux-gnu/libstdc++.so.6.0.19
9f122000-9f123000 rw-p 000e0000 08:01 5505296                            /usr/lib/i386-linux-gnu/libstdc++.so.6.0.19
9f123000-9f12a000 rw-p 00000000 00:00 0 
9f12a000-9f12e000 r--s 0003d000 08:01 549358                             /home/god/.gradle/wrapper/dists/gradle-2.8-all/ah86jmo43de9lfa8xg9ux3c4h/gradle-2.8/lib/plugins/jsch-0.1.51.jar
9f12e000-9f14a000 r--s 000ca000 08:01 549128                             /home/god/.gradle/wrapper/dists/gradle-2.8-all/ah86jmo43de9lfa8xg9ux3c4h/gradle-2.8/lib/plugins/gradle-dependency-management-2.8.jar
9f14a000-9f300000 rw-p 00000000 00:00 0 
9f300000-9f3fe000 rw-p 00000000 00:00 0 
9f3fe000-9f400000 ---p 00000000 00:00 0 
9f400000-9f404000 r--s 0001d000 08:01 549381                             /home/god/.gradle/wrapper/dists/gradle-2.8-all/ah86jmo43de9lfa8xg9ux3c4h/gradle-2.8/lib/plugins/xbean-reflect-3.4.jar
9f404000-9f409000 r--s 0002a000 08:01 549338                             /home/god/.gradle/wrapper/dists/gradle-2.8-all/ah86jmo43de9lfa8xg9ux3c4h/gradle-2.8/lib/plugins/gson-2.2.4.jar
9f409000-9f40d000 r-xp 00000000 08:01 550566                             /home/god/.gradle/native/19/linux-i386/libnative-platform.so
9f40d000-9f40e000 rw-p 00003000 08:01 550566                             /home/god/.gradle/native/19/linux-i386/libnative-platform.so
9f40e000-9f41c000 r-xp 00000000 08:01 5649180                            /usr/lib/jvm/jdk1.7.0_75/jre/lib/i386/libnio.so
9f41c000-9f41d000 rw-p 0000e000 08:01 5649180                            /usr/lib/jvm/jdk1.7.0_75/jre/lib/i386/libnio.so
9f41d000-9f432000 r-xp 00000000 08:01 5649235                            /usr/lib/jvm/jdk1.7.0_75/jre/lib/i386/libnet.so
9f432000-9f433000 rw-p 00014000 08:01 5649235                            /usr/lib/jvm/jdk1.7.0_75/jre/lib/i386/libnet.so
9f433000-9f434000 r--s 00006000 08:01 548820                             /home/god/.gradle/wrapper/dists/gradle-2.8-all/ah86jmo43de9lfa8xg9ux3c4h/gradle-2.8/lib/gradle-wrapper-2.8.jar
9f434000-9f43f000 r--s 0003a000 08:01 548844                             /home/god/.gradle/wrapper/dists/gradle-2.8-all/ah86jmo43de9lfa8xg9ux3c4h/gradle-2.8/lib/gradle-tooling-api-2.8.jar
9f43f000-9f441000 r--s 00002000 08:01 548956                             /home/god/.gradle/wrapper/dists/gradle-2.8-all/ah86jmo43de9lfa8xg9ux3c4h/gradle-2.8/lib/gradle-open-api-2.8.jar
9f441000-9f447000 r--s 00032000 08:01 548960                             /home/god/.gradle/wrapper/dists/gradle-2.8-all/ah86jmo43de9lfa8xg9ux3c4h/gradle-2.8/lib/jaxen-1.1.jar
9f447000-9f44c000 r--s 00048000 08:01 548958                             /home/god/.gradle/wrapper/dists/gradle-2.8-all/ah86jmo43de9lfa8xg9ux3c4h/gradle-2.8/lib/dom4j-1.6.1.jar
9f44c000-9f457000 r--s 00059000 08:01 548840                             /home/god/.gradle/wrapper/dists/gradle-2.8-all/ah86jmo43de9lfa8xg9ux3c4h/gradle-2.8/lib/gradle-ui-2.8.jar
9f457000-9f45a000 r--s 00008000 08:01 548938                             /home/god/.gradle/wrapper/dists/gradle-2.8-all/ah86jmo43de9lfa8xg9ux3c4h/gradle-2.8/lib/gradle-resources-2.8.jar
9f45a000-9f45c000 r--s 00007000 08:01 549006                             /home/god/.gradle/wrapper/dists/gradle-2.8-all/ah86jmo43de9lfa8xg9ux3c4h/gradle-2.8/lib/objenesis-1.2.jar
9f45c000-9f45e000 r--s 00000000 08:01 549004                             /home/god/.gradle/wrapper/dists/gradle-2.8-all/ah86jmo43de9lfa8xg9ux3c4h/gradle-2.8/lib/minlog-1.2.jar
9f45e000-9f460000 r--s 0000f000 08:01 548994                             /home/god/.gradle/wrapper/dists/gradle-2.8-all/ah86jmo43de9lfa8xg9ux3c4h/gradle-2.8/lib/reflectasm-1.07-shaded.jar
9f460000-9f464000 r--s 00026000 08:01 548970                             /home/god/.gradle/wrapper/dists/gradle-2.8-all/ah86jmo43de9lfa8xg9ux3c4h/gradle-2.8/lib/kryo-2.20.jar
9f464000-9f46d000 r--s 0003f000 08:01 548936                             /home/god/.gradle/wrapper/dists/gradle-2.8-all/ah86jmo43de9lfa8xg9ux3c4h/gradle-2.8/lib/gradle-messaging-2.8.jar
9f46d000-9f46e000 r--s 00003000 08:01 548990                             /home/god/.gradle/wrapper/dists/gradle-2.8-all/ah86jmo43de9lfa8xg9ux3c4h/gradle-2.8/lib/native-platform-freebsd-amd64-0.10.jar
9f46e000-9f46f000 r--s 00003000 08:01 548988                             /home/god/.gradle/wrapper/dists/gradle-2.8-all/ah86jmo43de9lfa8xg9ux3c4h/gradle-2.8/lib/native-platform-freebsd-i386-0.10.jar
9f46f000-9f470000 r--s 00005000 08:01 548986                             /home/god/.gradle/wrapper/dists/gradle-2.8-all/ah86jmo43de9lfa8xg9ux3c4h/gradle-2.8/lib/native-platform-windows-i386-0.10.jar
9f470000-9f471000 r--s 00005000 08:01 548984                             /home/god/.gradle/wrapper/dists/gradle-2.8-all/ah86jmo43de9lfa8xg9ux3c4h/gradle-2.8/lib/native-platform-windows-amd64-0.10.jar
9f471000-9f472000 r--s 00003000 08:01 548982                             /home/god/.gradle/wrapper/dists/gradle-2.8-all/ah86jmo43de9lfa8xg9ux3c4h/gradle-2.8/lib/native-platform-linux-i386-0.10.jar
9f472000-9f473000 r--s 00003000 08:01 548980                             /home/god/.gradle/wrapper/dists/gradle-2.8-all/ah86jmo43de9lfa8xg9ux3c4h/gradle-2.8/lib/native-platform-linux-amd64-0.10.jar
9f473000-9f474000 r--s 00002000 08:01 548978                             /home/god/.gradle/wrapper/dists/gradle-2.8-all/ah86jmo43de9lfa8xg9ux3c4h/gradle-2.8/lib/native-platform-osx-amd64-0.10.jar
9f474000-9f475000 r--s 00002000 08:01 548976                             /home/god/.gradle/wrapper/dists/gradle-2.8-all/ah86jmo43de9lfa8xg9ux3c4h/gradle-2.8/lib/native-platform-osx-i386-0.10.jar
9f475000-9f477000 r--s 00008000 08:01 548966                             /home/god/.gradle/wrapper/dists/gradle-2.8-all/ah86jmo43de9lfa8xg9ux3c4h/gradle-2.8/lib/jansi-1.2.1.jar
9f477000-9f47a000 r--s 0000d000 08:01 548964                             /home/god/.gradle/wrapper/dists/gradle-2.8-all/ah86jmo43de9lfa8xg9ux3c4h/gradle-2.8/lib/native-platform-0.10.jar
9f47a000-9f47e000 r--s 000e4000 08:01 548962                             /home/god/.gradle/wrapper/dists/gradle-2.8-all/ah86jmo43de9lfa8xg9ux3c4h/gradle-2.8/lib/jna-3.2.7.jar
9f47e000-9f480000 r--s 00008000 08:01 548846                             /home/god/.gradle/wrapper/dists/gradle-2.8-all/ah86jmo43de9lfa8xg9ux3c4h/gradle-2.8/lib/gradle-native-2.8.jar
9f480000-9f482000 r--s 00005000 08:01 548836                             /home/god/.gradle/wrapper/dists/gradle-2.8-all/ah86jmo43de9lfa8xg9ux3c4h/gradle-2.8/lib/gradle-cli-2.8.jar
9f482000-9f483000 r--s 00007000 08:01 548858                             /home/god/.gradle/wrapper/dists/gradle-2.8-all/ah86jmo43de9lfa8xg9ux3c4h/gradle-2.8/lib/gradle-model-groovy-2.8.jar
9f483000-9f484000 r--s 00006000 08:01 548902                             /home/god/.gradle/wrapper/dists/gradle-2.8-all/ah86jmo43de9lfa8xg9ux3c4h/gradle-2.8/lib/gradle-base-services-groovy-2.8.jar
9f484000-9f490000 r--s 00067000 08:01 548856                             /home/god/.gradle/wrapper/dists/gradle-2.8-all/ah86jmo43de9lfa8xg9ux3c4h/gradle-2.8/lib/gradle-model-core-2.8.jar
9f490000-9f492000 r--s 00003000 08:01 548954                             /home/god/.gradle/wrapper/dists/gradle-2.8-all/ah86jmo43de9lfa8xg9ux3c4h/gradle-2.8/lib/jcl-over-slf4j-1.7.10.jar
9f492000-9f495000 r--s 0001b000 08:01 548896                             /home/god/.gradle/wrapper/dists/gradle-2.8-all/ah86jmo43de9lfa8xg9ux3c4h/gradle-2.8/lib/jarjar-1.3.jar
9f495000-9f497000 r--s 00000000 08:01 548894                             /home/god/.gradle/wrapper/dists/gradle-2.8-all/ah86jmo43de9lfa8xg9ux3c4h/gradle-2.8/lib/jul-to-slf4j-1.7.10.jar
9f497000-9f49a000 r--s 00018000 08:01 548868                             /home/god/.gradle/wrapper/dists/gradle-2.8-all/ah86jmo43de9lfa8xg9ux3c4h/gradle-2.8/lib/commons-io-1.4.jar
9f49a000-9f509000 r--s 0063e000 08:01 548854                             /home/god/.gradle/wrapper/dists/gradle-2.8-all/ah86jmo43de9lfa8xg9ux3c4h/gradle-2.8/lib/groovy-all-2.4.4.jar
9f509000-9f531000 r--s 001cf000 08:01 548850                             /home/god/.gradle/wrapper/dists/gradle-2.8-all/ah86jmo43de9lfa8xg9ux3c4h/gradle-2.8/lib/guava-jdk5-17.0.jar
9f531000-9f567000 r--s 001b5000 08:01 548832                             /home/god/.gradle/wrapper/dists/gradle-2.8-all/ah86jmo43de9lfa8xg9ux3c4h/gradle-2.8/lib/gradle-core-2.8.jar
9f567000-9f568000 ---p 00000000 00:00 0 
9f568000-9f5e8000 rw-p 00000000 00:00 0                                  [stack:17674]
9f5e8000-9f5eb000 ---p 00000000 00:00 0 
9f5eb000-9f639000 rw-p 00000000 00:00 0                                  [stack:17673]
9f639000-9f63c000 ---p 00000000 00:00 0 
9f63c000-9f6ba000 rw-p 00000000 00:00 0                                  [stack:17672]
9f6ba000-9f6bd000 ---p 00000000 00:00 0 
9f6bd000-9f73b000 rw-p 00000000 00:00 0                                  [stack:17671]
9f73b000-9f73e000 ---p 00000000 00:00 0 
9f73e000-9f78c000 rw-p 00000000 00:00 0                                  [stack:17670]
9f78c000-9f8fc000 r--p 001bc000 08:01 5512212                            /usr/lib/locale/locale-archive
9f8fc000-9fa2e000 r--p 006e1000 08:01 5512212                            /usr/lib/locale/locale-archive
9fa2e000-9fc2e000 r--p 00000000 08:01 5512212                            /usr/lib/locale/locale-archive
9fc2e000-9fc31000 ---p 00000000 00:00 0 
9fc31000-9fc7f000 rw-p 00000000 00:00 0                                  [stack:17669]
9fc7f000-9fc80000 ---p 00000000 00:00 0 
9fc80000-9fd00000 rw-p 00000000 00:00 0                                  [stack:17667]
9fd00000-9fdfd000 rw-p 00000000 00:00 0 
9fdfd000-9fe00000 ---p 00000000 00:00 0 
9fe00000-9fe01000 r--s 00000000 08:01 548950                             /home/god/.gradle/wrapper/dists/gradle-2.8-all/ah86jmo43de9lfa8xg9ux3c4h/gradle-2.8/lib/gradle-docs-2.8.jar
9fe01000-9fe41000 r--p 002ec000 08:01 5512212                            /usr/lib/locale/locale-archive
9fe41000-a0000000 r--s 039eb000 08:01 5649245                            /usr/lib/jvm/jdk1.7.0_75/jre/lib/rt.jar
a0000000-a2d00000 rw-p 00000000 00:00 0 
a2d00000-a2df4000 rw-p 00000000 00:00 0 
a2df4000-a2e00000 ---p 00000000 00:00 0 
a2e00000-a2e01000 r--s 00005000 08:01 548952                             /home/god/.gradle/wrapper/dists/gradle-2.8-all/ah86jmo43de9lfa8xg9ux3c4h/gradle-2.8/lib/log4j-over-slf4j-1.7.10.jar
a2e01000-a2e0f000 r--s 0007f000 08:01 548864                             /home/god/.gradle/wrapper/dists/gradle-2.8-all/ah86jmo43de9lfa8xg9ux3c4h/gradle-2.8/lib/commons-collections-3.2.1.jar
a2e0f000-a2e2e000 r--s 001cc000 08:01 548862                             /home/god/.gradle/wrapper/dists/gradle-2.8-all/ah86jmo43de9lfa8xg9ux3c4h/gradle-2.8/lib/ant-1.9.3.jar
a2e2e000-a2e31000 ---p 00000000 00:00 0 
a2e31000-a2e7f000 rw-p 00000000 00:00 0                                  [stack:17668]
a2e7f000-a2e80000 ---p 00000000 00:00 0 
a2e80000-a2f00000 rw-p 00000000 00:00 0                                  [stack:17666]
a2f00000-a2f21000 rw-p 00000000 00:00 0 
a2f21000-a3000000 ---p 00000000 00:00 0 
a3000000-a3001000 r--s 00000000 08:01 548898                             /home/god/.gradle/wrapper/dists/gradle-2.8-all/ah86jmo43de9lfa8xg9ux3c4h/gradle-2.8/lib/javax.inject-1.jar
a3001000-a3002000 r--s 00000000 08:01 548890                             /home/god/.gradle/wrapper/dists/gradle-2.8-all/ah86jmo43de9lfa8xg9ux3c4h/gradle-2.8/lib/jcip-annotations-1.0.jar
a3002000-a3007000 r--s 00036000 08:01 548860                             /home/god/.gradle/wrapper/dists/gradle-2.8-all/ah86jmo43de9lfa8xg9ux3c4h/gradle-2.8/lib/asm-all-5.0.3.jar
a3007000-a300c000 r--s 00041000 08:01 548852                             /home/god/.gradle/wrapper/dists/gradle-2.8-all/ah86jmo43de9lfa8xg9ux3c4h/gradle-2.8/lib/commons-lang-2.6.jar
a300c000-a300d000 r--s 00007000 08:01 548848                             /home/god/.gradle/wrapper/dists/gradle-2.8-all/ah86jmo43de9lfa8xg9ux3c4h/gradle-2.8/lib/slf4j-api-1.7.10.jar
a300d000-a3068000 rw-p 00000000 00:00 0 
a3068000-a3069000 ---p 00000000 00:00 0 
a3069000-a30f2000 rw-p 00000000 00:00 0                                  [stack:17665]
a30f2000-a3169000 rw-p 00000000 00:00 0 
a3169000-a317c000 rw-p 00000000 00:00 0 
a317c000-a32bf000 rw-p 00000000 00:00 0 
a32bf000-a32c8000 rw-p 00000000 00:00 0 
a32c8000-a333f000 rw-p 00000000 00:00 0 
a333f000-a3352000 rw-p 00000000 00:00 0 
a3352000-a3494000 rw-p 00000000 00:00 0 
a3494000-a34d7000 rw-p 00000000 00:00 0 
a34d7000-a353f000 rw-p 00000000 00:00 0 
a353f000-a4600000 rw-p 00000000 00:00 0 
a4600000-b3540000 rw-p 00000000 00:00 0 
b3540000-b5b00000 rw-p 00000000 00:00 0 
b5b00000-ddfc0000 rw-p 00000000 00:00 0 
ddfc0000-e6440000 rw-p 00000000 00:00 0 
edccb000-ede40000 rw-p 00000000 00:00 0 
ede40000-f3540000 rw-p 00000000 00:00 0 
f3540000-f3549000 rw-p 00000000 00:00 0 
f3549000-f3600000 rw-p 00000000 00:00 0 
f3600000-f3840000 rwxp 00000000 00:00 0 
f3840000-f66f3000 rw-p 00000000 00:00 0 
f66f3000-f6700000 ---p 00000000 00:00 0 
f6700000-f670a000 r--s 0004a000 08:01 548818                             /home/god/.gradle/wrapper/dists/gradle-2.8-all/ah86jmo43de9lfa8xg9ux3c4h/gradle-2.8/lib/gradle-launcher-2.8.jar
f670a000-f6773000 rw-p 00000000 00:00 0 
f6773000-f677e000 r-xp 00000000 08:01 1447229                            /lib/i386-linux-gnu/libnss_files-2.19.so
f677e000-f677f000 r--p 0000a000 08:01 1447229                            /lib/i386-linux-gnu/libnss_files-2.19.so
f677f000-f6780000 rw-p 0000b000 08:01 1447229                            /lib/i386-linux-gnu/libnss_files-2.19.so
f6780000-f678a000 r-xp 00000000 08:01 1447217                            /lib/i386-linux-gnu/libnss_nis-2.19.so
f678a000-f678b000 r--p 00009000 08:01 1447217                            /lib/i386-linux-gnu/libnss_nis-2.19.so
f678b000-f678c000 rw-p 0000a000 08:01 1447217                            /lib/i386-linux-gnu/libnss_nis-2.19.so
f678c000-f67a1000 r-xp 00000000 08:01 1447237                            /lib/i386-linux-gnu/libnsl-2.19.so
f67a1000-f67a2000 r--p 00015000 08:01 1447237                            /lib/i386-linux-gnu/libnsl-2.19.so
f67a2000-f67a3000 rw-p 00016000 08:01 1447237                            /lib/i386-linux-gnu/libnsl-2.19.so
f67a3000-f67a5000 rw-p 00000000 00:00 0 
f67a5000-f67a6000 r--s 00004000 08:01 548968                             /home/god/.gradle/wrapper/dists/gradle-2.8-all/ah86jmo43de9lfa8xg9ux3c4h/gradle-2.8/lib/ant-launcher-1.9.3.jar
f67a6000-f67ad000 r--s 00032000 08:01 548828                             /home/god/.gradle/wrapper/dists/gradle-2.8-all/ah86jmo43de9lfa8xg9ux3c4h/gradle-2.8/lib/gradle-base-services-2.8.jar
f67ad000-f67c4000 r-xp 00000000 08:01 5649202                            /usr/lib/jvm/jdk1.7.0_75/jre/lib/i386/libzip.so
f67c4000-f67c5000 rw-p 00017000 08:01 5649202                            /usr/lib/jvm/jdk1.7.0_75/jre/lib/i386/libzip.so
f67c5000-f67e8000 r-xp 00000000 08:01 5649230                            /usr/lib/jvm/jdk1.7.0_75/jre/lib/i386/libjava.so
f67e8000-f67e9000 rw-p 00023000 08:01 5649230                            /usr/lib/jvm/jdk1.7.0_75/jre/lib/i386/libjava.so
f67e9000-f67f0000 r-xp 00000000 08:01 1447227                            /lib/i386-linux-gnu/librt-2.19.so
f67f0000-f67f1000 r--p 00006000 08:01 1447227                            /lib/i386-linux-gnu/librt-2.19.so
f67f1000-f67f2000 rw-p 00007000 08:01 1447227                            /lib/i386-linux-gnu/librt-2.19.so
f67f2000-f67f5000 ---p 00000000 00:00 0 
f67f5000-f6843000 rw-p 00000000 00:00 0                                  [stack:17664]
f6843000-f6887000 r-xp 00000000 08:01 1446870                            /lib/i386-linux-gnu/libm-2.19.so
f6887000-f6888000 r--p 00043000 08:01 1446870                            /lib/i386-linux-gnu/libm-2.19.so
f6888000-f6889000 rw-p 00044000 08:01 1446870                            /lib/i386-linux-gnu/libm-2.19.so
f6889000-f710e000 r-xp 00000000 08:01 5649178                            /usr/lib/jvm/jdk1.7.0_75/jre/lib/i386/server/libjvm.so
f710e000-f7172000 rw-p 00885000 08:01 5649178                            /usr/lib/jvm/jdk1.7.0_75/jre/lib/i386/server/libjvm.so
f7172000-f7596000 rw-p 00000000 00:00 0 
f7596000-f773e000 r-xp 00000000 08:01 1447225                            /lib/i386-linux-gnu/libc-2.19.so
f773e000-f7740000 r--p 001a8000 08:01 1447225                            /lib/i386-linux-gnu/libc-2.19.so
f7740000-f7741000 rw-p 001aa000 08:01 1447225                            /lib/i386-linux-gnu/libc-2.19.so
f7741000-f7744000 rw-p 00000000 00:00 0 
f7744000-f7747000 r-xp 00000000 08:01 1447219                            /lib/i386-linux-gnu/libdl-2.19.so
f7747000-f7748000 r--p 00002000 08:01 1447219                            /lib/i386-linux-gnu/libdl-2.19.so
f7748000-f7749000 rw-p 00003000 08:01 1447219                            /lib/i386-linux-gnu/libdl-2.19.so
f7749000-f774a000 rw-p 00000000 00:00 0 
f774a000-f775d000 r-xp 00000000 08:01 5525535                            /usr/lib/jvm/jdk1.7.0_75/lib/i386/jli/libjli.so
f775d000-f775e000 rw-p 00012000 08:01 5525535                            /usr/lib/jvm/jdk1.7.0_75/lib/i386/jli/libjli.so
f775e000-f7776000 r-xp 00000000 08:01 1447209                            /lib/i386-linux-gnu/libpthread-2.19.so
f7776000-f7777000 r--p 00018000 08:01 1447209                            /lib/i386-linux-gnu/libpthread-2.19.so
f7777000-f7778000 rw-p 00019000 08:01 1447209                            /lib/i386-linux-gnu/libpthread-2.19.so
f7778000-f777a000 rw-p 00000000 00:00 0 
f777a000-f777b000 r--p 00469000 08:01 5512212                            /usr/lib/locale/locale-archive
f777b000-f7783000 rw-s 00000000 08:01 2500982                            /tmp/hsperfdata_god/17661
f7783000-f778a000 r-xp 00000000 08:01 1447203                            /lib/i386-linux-gnu/libnss_compat-2.19.so
f778a000-f778b000 r--p 00006000 08:01 1447203                            /lib/i386-linux-gnu/libnss_compat-2.19.so
f778b000-f778c000 rw-p 00007000 08:01 1447203                            /lib/i386-linux-gnu/libnss_compat-2.19.so
f778c000-f778d000 rw-p 00000000 00:00 0 
f778d000-f778e000 ---p 00000000 00:00 0 
f778e000-f7799000 r-xp 00000000 08:01 5649193                            /usr/lib/jvm/jdk1.7.0_75/jre/lib/i386/libverify.so
f7799000-f779a000 rw-p 0000b000 08:01 5649193                            /usr/lib/jvm/jdk1.7.0_75/jre/lib/i386/libverify.so
f779a000-f779c000 rw-p 00000000 00:00 0 
f779c000-f779d000 r-xp 00000000 00:00 0                                  [vdso]
f779d000-f779f000 r--p 00000000 00:00 0                                  [vvar]
f779f000-f77bf000 r-xp 00000000 08:01 1447231                            /lib/i386-linux-gnu/ld-2.19.so
f77bf000-f77c0000 r--p 0001f000 08:01 1447231                            /lib/i386-linux-gnu/ld-2.19.so
f77c0000-f77c1000 rw-p 00020000 08:01 1447231                            /lib/i386-linux-gnu/ld-2.19.so
ffae6000-ffae7000 rwxp 00000000 00:00 0 
ffb19000-ffb3a000 rw-p 00000000 00:00 0                                  [stack]

VM Arguments:
jvm_args: -XX:MaxPermSize=256m -XX:+HeapDumpOnOutOfMemoryError -Xmx1024m -Dfile.encoding=UTF-8 -Duser.country=US -Duser.language=en -Duser.variant 
java_command: org.gradle.launcher.daemon.bootstrap.GradleDaemon 2.8
Launcher Type: SUN_STANDARD

Environment Variables:
JAVA_HOME=/usr/lib/jvm/java-8-oracle
PATH=/home/god/bin:/usr/local/sbin:/usr/local/bin:/usr/sbin:/usr/bin:/sbin:/bin:/usr/games:/usr/local/games:/usr/local/go/bin:/home/god/go/bin
LD_LIBRARY_PATH=.:
SHELL=/bin/bash
DISPLAY=:0

Signal Handlers:
SIGSEGV: [libjvm.so+0x7e9f40], sa_mask[0]=0x7ffbfeff, sa_flags=0x10000004
SIGBUS: [libjvm.so+0x7e9f40], sa_mask[0]=0x7ffbfeff, sa_flags=0x10000004
SIGFPE: [libjvm.so+0x682680], sa_mask[0]=0x7ffbfeff, sa_flags=0x10000004
SIGPIPE: [libjvm.so+0x682680], sa_mask[0]=0x7ffbfeff, sa_flags=0x10000004
SIGXFSZ: [libjvm.so+0x682680], sa_mask[0]=0x7ffbfeff, sa_flags=0x10000004
SIGILL: [libjvm.so+0x682680], sa_mask[0]=0x7ffbfeff, sa_flags=0x10000004
SIGUSR1: SIG_DFL, sa_mask[0]=0x00000000, sa_flags=0x00000000
SIGUSR2: [libjvm.so+0x683e80], sa_mask[0]=0x00000004, sa_flags=0x10000004
SIGHUP: [libjvm.so+0x6851b0], sa_mask[0]=0x7ffbfeff, sa_flags=0x10000004
SIGINT: [libjvm.so+0x6851b0], sa_mask[0]=0x7ffbfeff, sa_flags=0x10000004
SIGTERM: [libjvm.so+0x6851b0], sa_mask[0]=0x7ffbfeff, sa_flags=0x10000004
SIGQUIT: [libjvm.so+0x6851b0], sa_mask[0]=0x7ffbfeff, sa_flags=0x10000004


---------------  S Y S T E M  ---------------

OS:jessie/sid

uname:Linux 3.16.0-62-generic #83~14.04.1-Ubuntu SMP Fri Feb 26 22:52:39 UTC 2016 x86_64
libc:glibc 2.19 NPTL 2.19 
rlimit: STACK 8192k, CORE 0k, NPROC 14417, NOFILE 64000, AS infinity
load average:8,70 5,57 3,22

/proc/meminfo:
MemTotal:        3712244 kB
MemFree:          107080 kB
MemAvailable:      75076 kB
Buffers:            5216 kB
Cached:           415952 kB
SwapCached:            0 kB
Active:          3056900 kB
Inactive:         363748 kB
Active(anon):    3023076 kB
Inactive(anon):   330544 kB
Active(file):      33824 kB
Inactive(file):    33204 kB
Unevictable:        1844 kB
Mlocked:            1844 kB
SwapTotal:             0 kB
SwapFree:              0 kB
Dirty:              2112 kB
Writeback:             0 kB
AnonPages:       3001996 kB
Mapped:           101300 kB
Shmem:            353628 kB
Slab:              76252 kB
SReclaimable:      37900 kB
SUnreclaim:        38352 kB
KernelStack:       10544 kB
PageTables:        45264 kB
NFS_Unstable:          0 kB
Bounce:                0 kB
WritebackTmp:          0 kB
CommitLimit:     1856120 kB
Committed_AS:    9328752 kB
VmallocTotal:   34359738367 kB
VmallocUsed:      348800 kB
VmallocChunk:   34359325952 kB
HardwareCorrupted:     0 kB
AnonHugePages:    915456 kB
HugePages_Total:       0
HugePages_Free:        0
HugePages_Rsvd:        0
HugePages_Surp:        0
Hugepagesize:       2048 kB
DirectMap4k:       74496 kB
DirectMap2M:     3780608 kB


CPU:total 2 (2 cores per cpu, 1 threads per core) family 6 model 37 stepping 5, cmov, cx8, fxsr, mmx, sse, sse2, sse3, ssse3, popcnt, tsc, tscinvbit

/proc/cpuinfo:
processor	: 0
vendor_id	: GenuineIntel
cpu family	: 6
model		: 37
model name	: Intel(R) Pentium(R) CPU        P6200  @ 2.13GHz
stepping	: 5
microcode	: 0x2
cpu MHz		: 2133.000
cache size	: 3072 KB
physical id	: 0
siblings	: 2
core id		: 0
cpu cores	: 2
apicid		: 0
initial apicid	: 0
fpu		: yes
fpu_exception	: yes
cpuid level	: 11
wp		: yes
flags		: fpu vme de pse tsc msr pae mce cx8 apic sep mtrr pge mca cmov pat pse36 clflush dts acpi mmx fxsr sse sse2 ss ht tm pbe syscall nx rdtscp lm constant_tsc arch_perfmon pebs bts rep_good nopl xtopology nonstop_tsc aperfmperf pni dtes64 monitor ds_cpl est tm2 ssse3 cx16 xtpr pdcm pcid popcnt lahf_lm arat dtherm
bogomips	: 4266.43
clflush size	: 64
cache_alignment	: 64
address sizes	: 36 bits physical, 48 bits virtual
power management:

processor	: 1
vendor_id	: GenuineIntel
cpu family	: 6
model		: 37
model name	: Intel(R) Pentium(R) CPU        P6200  @ 2.13GHz
stepping	: 5
microcode	: 0x2
cpu MHz		: 1333.000
cache size	: 3072 KB
physical id	: 0
siblings	: 2
core id		: 2
cpu cores	: 2
apicid		: 4
initial apicid	: 4
fpu		: yes
fpu_exception	: yes
cpuid level	: 11
wp		: yes
flags		: fpu vme de pse tsc msr pae mce cx8 apic sep mtrr pge mca cmov pat pse36 clflush dts acpi mmx fxsr sse sse2 ss ht tm pbe syscall nx rdtscp lm constant_tsc arch_perfmon pebs bts rep_good nopl xtopology nonstop_tsc aperfmperf pni dtes64 monitor ds_cpl est tm2 ssse3 cx16 xtpr pdcm pcid popcnt lahf_lm arat dtherm
bogomips	: 4266.43
clflush size	: 64
cache_alignment	: 64
address sizes	: 36 bits physical, 48 bits virtual
power management:



Memory: 4k page, physical 3712244k(107080k free), swap 0k(0k free)

vm_info: Java HotSpot(TM) Server VM (24.75-b04) for linux-x86 JRE (1.7.0_75-b13), built on Dec 18 2014 18:09:52 by "java_re" with gcc 4.3.0 20080428 (Red Hat 4.3.0-8)

time: Thu Mar 31 16:48:37 2016
elapsed time: 9 seconds

