#
# There is insufficient memory for the Java Runtime Environment to continue.
# Native memory allocation (malloc) failed to allocate 58195968 bytes for committing reserved memory.
# Possible reasons:
#   The system is out of physical RAM or swap space
#   In 32 bit mode, the process size limit was hit
# Possible solutions:
#   Reduce memory load on the system
#   Increase physical memory or swap space
#   Check if swap backing store is full
#   Use 64 bit Java on a 64 bit OS
#   Decrease Java heap size (-Xmx/-Xms)
#   Decrease number of Java threads
#   Decrease Java thread stack sizes (-Xss)
#   Set larger code cache with -XX:ReservedCodeCacheSize=
# This output file may be truncated or incomplete.
#
#  Out of Memory Error (os_linux.cpp:2756), pid=17550, tid=2682215232
#
# JRE version: Java(TM) SE Runtime Environment (7.0_75-b13) (build 1.7.0_75-b13)
# Java VM: Java HotSpot(TM) Server VM (24.75-b04 mixed mode linux-x86 )
# Failed to write core dump. Core dumps have been disabled. To enable core dumping, try "ulimit -c unlimited" before starting Java again
#

---------------  T H R E A D  ---------------

Current thread (0x9fc10400):  VMThread [stack: 0x9fd75000,0x9fdf6000] [id=17557]

Stack: [0x9fd75000,0x9fdf6000],  sp=0x9fdf48a0,  free space=510k
Native frames: (J=compiled Java code, j=interpreted, Vv=VM code, C=native code)
V  [libjvm.so+0x7e9436]  VMError::report_and_die()+0x1a6
V  [libjvm.so+0x33da72]  report_vm_out_of_memory(char const*, int, unsigned int, char const*)+0x72
V  [libjvm.so+0x685b01]  os::Linux::commit_memory_impl(char*, unsigned int, bool)+0xe1
V  [libjvm.so+0x685fc8]  os::pd_commit_memory(char*, unsigned int, unsigned int, bool)+0x28
V  [libjvm.so+0x67f70c]  os::commit_memory(char*, unsigned int, unsigned int, bool)+0x2c
V  [libjvm.so+0x6e9938]  PSVirtualSpace::expand_by(unsigned int)+0x48
V  [libjvm.so+0x6eaa3a]  PSYoungGen::resize_generation(unsigned int, unsigned int)+0xda
V  [libjvm.so+0x6e9d79]  PSYoungGen::resize(unsigned int, unsigned int)+0x19
V  [libjvm.so+0x6e772e]  PSScavenge::invoke_no_policy()+0xd5e
V  [libjvm.so+0x6e7f08]  PSScavenge::invoke()+0x28
V  [libjvm.so+0x6a5aaa]  ParallelScavengeHeap::failed_mem_allocate(unsigned int)+0x5a
V  [libjvm.so+0x7eacca]  VM_ParallelGCFailedAllocation::doit()+0x7a
V  [libjvm.so+0x7f3ae7]  VM_Operation::evaluate()+0x47
V  [libjvm.so+0x7f1b83]  VMThread::evaluate_operation(VM_Operation*)+0xb3
V  [libjvm.so+0x7f1f20]  VMThread::loop()+0x1b0
V  [libjvm.so+0x7f2385]  VMThread::run()+0x85
V  [libjvm.so+0x687dd9]  java_start(Thread*)+0x119
C  [libpthread.so.0+0x6f70]  start_thread+0xd0

VM_Operation (0x9e5ac294): ParallelGCFailedAllocation, mode: safepoint, requested by thread 0x9ece6800


---------------  P R O C E S S  ---------------

Java Threads: ( => current thread )
  0x0a89a400 JavaThread "process reaper" daemon [_thread_blocked, id=17643, stack(0x9e314000,0x9e32f000)]
  0x09f57c00 JavaThread "File lock request listener" [_thread_in_native, id=17617, stack(0x9e50d000,0x9e55e000)]
  0x9ece6800 JavaThread "Daemon worker" [_thread_blocked, id=17587, stack(0x9e55e000,0x9e5af000)]
  0xa2da0400 JavaThread "Cancel handler" [_thread_blocked, id=17586, stack(0x9e5af000,0x9e600000)]
  0xa2df8c00 JavaThread "Handler for socket connection from /127.0.0.1:34775 to /127.0.0.1:44515" [_thread_in_native, id=17585, stack(0x9e80d000,0x9e85e000)]
  0x09bdc000 JavaThread "Daemon" [_thread_blocked, id=17583, stack(0x9e85e000,0x9e8af000)]
  0x9e78f400 JavaThread "Incoming local TCP Connector on port 34775" [_thread_in_native, id=17581, stack(0x9e8af000,0x9e900000)]
  0x9fc2ac00 JavaThread "Service Thread" daemon [_thread_blocked, id=17563, stack(0x9f529000,0x9f57a000)]
  0x9fc29000 JavaThread "C2 CompilerThread1" daemon [_thread_blocked, id=17562, stack(0x9f57a000,0x9f5fb000)]
  0x9fc27000 JavaThread "C2 CompilerThread0" daemon [_thread_blocked, id=17561, stack(0x9f5fb000,0x9f67c000)]
  0x9fc25800 JavaThread "Signal Dispatcher" daemon [_thread_blocked, id=17560, stack(0x9f67c000,0x9f6cd000)]
  0x9fc14400 JavaThread "Finalizer" daemon [_thread_blocked, id=17559, stack(0x9fbaf000,0x9fc00000)]
  0x9fc12c00 JavaThread "Reference Handler" daemon [_thread_blocked, id=17558, stack(0x9fd24000,0x9fd75000)]
  0xf6607400 JavaThread "main" [_thread_blocked, id=17554, stack(0xf674d000,0xf679e000)]

Other Threads:
=>0x9fc10400 VMThread [stack: 0x9fd75000,0x9fdf6000] [id=17557]
  0x9fc2cc00 WatcherThread [stack: 0x9f4a8000,0x9f529000] [id=17564]

VM state:at safepoint (normal execution)

VM Mutex/Monitor currently owned by a thread:  ([mutex/lock_event])
[0xf6604d88] Threads_lock - owner thread: 0x9fc10400
[0xf6605198] Heap_lock - owner thread: 0x9ece6800

Heap
 PSYoungGen      total 135424K, used 11250K [0xddf80000, 0xe7240000, 0xf3500000)
  eden space 124160K, 0% used [0xddf80000,0xddf80000,0xe58c0000)
  from space 11264K, 99% used [0xe58c0000,0xe63bc840,0xe63c0000)
  to   space 7680K, 0% used [0xe63c0000,0xe63c0000,0xe6b40000)
 ParOldGen       total 38656K, used 32429K [0xb3500000, 0xb5ac0000, 0xddf80000)
  object space 38656K, 83% used [0xb3500000,0xb54ab498,0xb5ac0000)
 PSPermGen       total 27648K, used 27554K [0xa3500000, 0xa5000000, 0xb3500000)
  object space 27648K, 99% used [0xa3500000,0xa4fe8840,0xa5000000)

Card table byte_map: [0xa327f000,0xa3500000] byte_map_base: 0xa2d64800

Polling page: 0xf76e8000

Code Cache  [0xf35ce000, 0xf3906000, 0xf65ce000)
 total_blobs=1072 nmethods=678 adapters=347 free_code_cache=46041Kb largest_free_block=46965504

Compilation events (10 events):
Event: 167,716 Thread 0x9fc27000 nmethod 731 0xf3623c88 code [0xf3623e20, 0xf3624358]
Event: 167,716 Thread 0x9fc27000  732   !         com.sun.beans.TypeResolver::resolve (274 bytes)
Event: 177,249 Thread 0x9fc27000 nmethod 732 0xf38eef88 code [0xf38efba0, 0xf38f79e4]
Event: 177,249 Thread 0x9fc27000  733             groovy.lang.MetaProperty::getName (5 bytes)
Event: 177,253 Thread 0x9fc27000 nmethod 733 0xf37d4908 code [0xf37d49e0, 0xf37d4a30]
Event: 177,253 Thread 0x9fc27000  734             org.objectweb.asm.Item::<init> (66 bytes)
Event: 177,254 Thread 0x9fc27000 nmethod 734 0xf37d4708 code [0xf37d4800, 0xf37d4890]
Event: 177,254 Thread 0x9fc27000  735             java.util.HashMap$ValueIterator::next (8 bytes)
Event: 177,263 Thread 0x9fc27000 nmethod 735 0xf3802488 code [0xf3802580, 0xf3802730]
Event: 177,263 Thread 0x9fc27000  736   !         java.beans.Introspector::getPublicDeclaredMethods (92 bytes)

GC Heap History (10 events):
Event: 152,317 GC heap after
Heap after GC invocations=14 (full 0):
 PSYoungGen      total 63488K, used 640K [0xddf80000, 0xe2440000, 0xf3500000)
  eden space 57088K, 0% used [0xddf80000,0xddf80000,0xe1740000)
  from space 6400K, 10% used [0xe1e00000,0xe1ea0000,0xe2440000)
  to   space 6656K, 0% used [0xe1740000,0xe1740000,0xe1dc0000)
 ParOldGen       total 38656K, used 12124K [0xb3500000, 0xb5ac0000, 0xddf80000)
  object space 38656K, 31% used [0xb3500000,0xb40d7248,0xb5ac0000)
 PSPermGen       total 16384K, used 13623K [0xa3500000, 0xa4500000, 0xb3500000)
  object space 16384K, 83% used [0xa3500000,0xa424dee8,0xa4500000)
}
Event: 154,250 GC heap before
{Heap before GC invocations=15 (full 0):
 PSYoungGen      total 63488K, used 57728K [0xddf80000, 0xe2440000, 0xf3500000)
  eden space 57088K, 100% used [0xddf80000,0xe1740000,0xe1740000)
  from space 6400K, 10% used [0xe1e00000,0xe1ea0000,0xe2440000)
  to   space 6656K, 0% used [0xe1740000,0xe1740000,0xe1dc0000)
 ParOldGen       total 38656K, used 12124K [0xb3500000, 0xb5ac0000, 0xddf80000)
  object space 38656K, 31% used [0xb3500000,0xb40d7248,0xb5ac0000)
 PSPermGen       total 16384K, used 16137K [0xa3500000, 0xa4500000, 0xb3500000)
  object space 16384K, 98% used [0xa3500000,0xa44c2480,0xa4500000)
Event: 154,276 GC heap after
Heap after GC invocations=15 (full 0):
 PSYoungGen      total 63744K, used 5935K [0xddf80000, 0xe47c0000, 0xf3500000)
  eden space 57088K, 0% used [0xddf80000,0xddf80000,0xe1740000)
  from space 6656K, 89% used [0xe1740000,0xe1d0bd30,0xe1dc0000)
  to   space 7680K, 0% used [0xe4040000,0xe4040000,0xe47c0000)
 ParOldGen       total 38656K, used 12752K [0xb3500000, 0xb5ac0000, 0xddf80000)
  object space 38656K, 32% used [0xb3500000,0xb4174248,0xb5ac0000)
 PSPermGen       total 16384K, used 16137K [0xa3500000, 0xa4500000, 0xb3500000)
  object space 16384K, 98% used [0xa3500000,0xa44c2480,0xa4500000)
}
Event: 155,690 GC heap before
{Heap before GC invocations=16 (full 0):
 PSYoungGen      total 63744K, used 63023K [0xddf80000, 0xe47c0000, 0xf3500000)
  eden space 57088K, 100% used [0xddf80000,0xe1740000,0xe1740000)
  from space 6656K, 89% used [0xe1740000,0xe1d0bd30,0xe1dc0000)
  to   space 7680K, 0% used [0xe4040000,0xe4040000,0xe47c0000)
 ParOldGen       total 38656K, used 12752K [0xb3500000, 0xb5ac0000, 0xddf80000)
  object space 38656K, 32% used [0xb3500000,0xb4174248,0xb5ac0000)
 PSPermGen       total 18432K, used 18327K [0xa3500000, 0xa4700000, 0xb3500000)
  object space 18432K, 99% used [0xa3500000,0xa46e5fe0,0xa4700000)
Event: 155,737 GC heap after
Heap after GC invocations=16 (full 0):
 PSYoungGen      total 98816K, used 4585K [0xddf80000, 0xe4840000, 0xf3500000)
  eden space 91136K, 0% used [0xddf80000,0xddf80000,0xe3880000)
  from space 7680K, 59% used [0xe4040000,0xe44ba780,0xe47c0000)
  to   space 7936K, 0% used [0xe3880000,0xe3880000,0xe4040000)
 ParOldGen       total 38656K, used 15753K [0xb3500000, 0xb5ac0000, 0xddf80000)
  object space 38656K, 40% used [0xb3500000,0xb4462738,0xb5ac0000)
 PSPermGen       total 18432K, used 18327K [0xa3500000, 0xa4700000, 0xb3500000)
  object space 18432K, 99% used [0xa3500000,0xa46e5fe0,0xa4700000)
}
Event: 158,657 GC heap before
{Heap before GC invocations=17 (full 0):
 PSYoungGen      total 98816K, used 95721K [0xddf80000, 0xe4840000, 0xf3500000)
  eden space 91136K, 100% used [0xddf80000,0xe3880000,0xe3880000)
  from space 7680K, 59% used [0xe4040000,0xe44ba780,0xe47c0000)
  to   space 7936K, 0% used [0xe3880000,0xe3880000,0xe4040000)
 ParOldGen       total 38656K, used 15753K [0xb3500000, 0xb5ac0000, 0xddf80000)
  object space 38656K, 40% used [0xb3500000,0xb4462738,0xb5ac0000)
 PSPermGen       total 20480K, used 20271K [0xa3500000, 0xa4900000, 0xb3500000)
  object space 20480K, 98% used [0xa3500000,0xa48cbdc0,0xa4900000)
Event: 158,680 GC heap after
Heap after GC invocations=17 (full 0):
 PSYoungGen      total 99072K, used 3707K [0xddf80000, 0xe6b40000, 0xf3500000)
  eden space 91136K, 0% used [0xddf80000,0xddf80000,0xe3880000)
  from space 7936K, 46% used [0xe3880000,0xe3c1ef40,0xe4040000)
  to   space 7680K, 0% used [0xe63c0000,0xe63c0000,0xe6b40000)
 ParOldGen       total 38656K, used 17228K [0xb3500000, 0xb5ac0000, 0xddf80000)
  object space 38656K, 44% used [0xb3500000,0xb45d30b8,0xb5ac0000)
 PSPermGen       total 20480K, used 20271K [0xa3500000, 0xa4900000, 0xb3500000)
  object space 20480K, 98% used [0xa3500000,0xa48cbdc0,0xa4900000)
}
Event: 163,060 GC heap before
{Heap before GC invocations=18 (full 0):
 PSYoungGen      total 99072K, used 94843K [0xddf80000, 0xe6b40000, 0xf3500000)
  eden space 91136K, 100% used [0xddf80000,0xe3880000,0xe3880000)
  from space 7936K, 46% used [0xe3880000,0xe3c1ef40,0xe4040000)
  to   space 7680K, 0% used [0xe63c0000,0xe63c0000,0xe6b40000)
 ParOldGen       total 38656K, used 17228K [0xb3500000, 0xb5ac0000, 0xddf80000)
  object space 38656K, 44% used [0xb3500000,0xb45d30b8,0xb5ac0000)
 PSPermGen       total 24576K, used 24527K [0xa3500000, 0xa4d00000, 0xb3500000)
  object space 24576K, 99% used [0xa3500000,0xa4cf3cb0,0xa4d00000)
Event: 163,178 GC heap after
Heap after GC invocations=18 (full 0):
 PSYoungGen      total 131840K, used 7678K [0xddf80000, 0xe7240000, 0xf3500000)
  eden space 124160K, 0% used [0xddf80000,0xddf80000,0xe58c0000)
  from space 7680K, 99% used [0xe63c0000,0xe6b3fbe8,0xe6b40000)
  to   space 11264K, 0% used [0xe58c0000,0xe58c0000,0xe63c0000)
 ParOldGen       total 38656K, used 23488K [0xb3500000, 0xb5ac0000, 0xddf80000)
  object space 38656K, 60% used [0xb3500000,0xb4bf0030,0xb5ac0000)
 PSPermGen       total 24576K, used 24527K [0xa3500000, 0xa4d00000, 0xb3500000)
  object space 24576K, 99% used [0xa3500000,0xa4cf3cb0,0xa4d00000)
}
Event: 177,268 GC heap before
{Heap before GC invocations=19 (full 0):
 PSYoungGen      total 131840K, used 131838K [0xddf80000, 0xe7240000, 0xf3500000)
  eden space 124160K, 100% used [0xddf80000,0xe58c0000,0xe58c0000)
  from space 7680K, 99% used [0xe63c0000,0xe6b3fbe8,0xe6b40000)
  to   space 11264K, 0% used [0xe58c0000,0xe58c0000,0xe63c0000)
 ParOldGen       total 38656K, used 23488K [0xb3500000, 0xb5ac0000, 0xddf80000)
  object space 38656K, 60% used [0xb3500000,0xb4bf0030,0xb5ac0000)
 PSPermGen       total 27648K, used 27554K [0xa3500000, 0xa5000000, 0xb3500000)
  object space 27648K, 99% used [0xa3500000,0xa4fe8840,0xa5000000)

Deoptimization events (10 events):
Event: 169,025 Thread 0x9ece6800 Uncommon trap: reason=class_check action=maybe_recompile pc=0xf3780c8c method=java.util.regex.Matcher.search(I)Z @ 86
Event: 169,286 Thread 0x9ece6800 Uncommon trap: reason=unreached action=reinterpret pc=0xf385e664 method=org.apache.ivy.core.IvyPatternHelper.substituteTokens(Ljava/lang/String;Ljava/util/Map;)Ljava/lang/String; @ 438
Event: 169,348 Thread 0x9ece6800 Uncommon trap: reason=class_check action=maybe_recompile pc=0xf363b38c method=java.lang.String.equals(Ljava/lang/Object;)Z @ 8
Event: 169,931 Thread 0x9ece6800 Uncommon trap: reason=class_check action=maybe_recompile pc=0xf3664178 method=java.lang.Throwable.<init>(Ljava/lang/String;Ljava/lang/Throwable;)V @ 24
Event: 170,945 Thread 0x9ece6800 Uncommon trap: reason=class_check action=maybe_recompile pc=0xf363b38c method=java.lang.String.equals(Ljava/lang/Object;)Z @ 8
Event: 170,953 Thread 0x9ece6800 Uncommon trap: reason=class_check action=maybe_recompile pc=0xf363b38c method=java.lang.String.equals(Ljava/lang/Object;)Z @ 8
Event: 172,436 Thread 0x9ece6800 Uncommon trap: reason=class_check action=maybe_recompile pc=0xf3664178 method=java.lang.Throwable.<init>(Ljava/lang/String;Ljava/lang/Throwable;)V @ 24
Event: 172,625 Thread 0x9ece6800 Uncommon trap: reason=class_check action=maybe_recompile pc=0xf3664178 method=java.lang.Throwable.<init>(Ljava/lang/String;Ljava/lang/Throwable;)V @ 24
Event: 175,906 Thread 0x9ece6800 Uncommon trap: reason=class_check action=maybe_recompile pc=0xf3664178 method=java.lang.Throwable.<init>(Ljava/lang/String;Ljava/lang/Throwable;)V @ 24
Event: 175,955 Thread 0x9ece6800 Uncommon trap: reason=class_check action=maybe_recompile pc=0xf36576b8 method=java.lang.Throwable.<init>(Ljava/lang/String;Ljava/lang/Throwable;)V @ 24

Internal exceptions (10 events):
Event: 175,847 Thread 0x9ece6800 Threw 0xe57d1288 at /HUDSON/workspace/7u-2-build-linux-i586/jdk7u75/1940/hotspot/src/share/vm/prims/jvm.cpp:1281
Event: 175,850 Thread 0x9ece6800 Threw 0xe57d3e18 at /HUDSON/workspace/7u-2-build-linux-i586/jdk7u75/1940/hotspot/src/share/vm/prims/jvm.cpp:1281
Event: 175,850 Thread 0x9ece6800 Threw 0xe57d7408 at /HUDSON/workspace/7u-2-build-linux-i586/jdk7u75/1940/hotspot/src/share/vm/prims/jvm.cpp:1281
Event: 175,851 Thread 0x9ece6800 Threw 0xe57da280 at /HUDSON/workspace/7u-2-build-linux-i586/jdk7u75/1940/hotspot/src/share/vm/prims/jvm.cpp:1281
Event: 176,368 Thread 0x9ece6800 Threw 0xe58039b8 at /HUDSON/workspace/7u-2-build-linux-i586/jdk7u75/1940/hotspot/src/share/vm/prims/jvm.cpp:1281
Event: 176,947 Thread 0x9ece6800 Threw 0xe5804238 at /HUDSON/workspace/7u-2-build-linux-i586/jdk7u75/1940/hotspot/src/share/vm/prims/jvm.cpp:1281
Event: 177,160 Thread 0x9ece6800 Threw 0xe5806a88 at /HUDSON/workspace/7u-2-build-linux-i586/jdk7u75/1940/hotspot/src/share/vm/prims/jvm.cpp:1281
Event: 177,160 Thread 0x9ece6800 Threw 0xe5807430 at /HUDSON/workspace/7u-2-build-linux-i586/jdk7u75/1940/hotspot/src/share/vm/prims/jvm.cpp:1281
Event: 177,188 Thread 0x9ece6800 Threw 0xe582d9e0 at /HUDSON/workspace/7u-2-build-linux-i586/jdk7u75/1940/hotspot/src/share/vm/prims/jvm.cpp:1281
Event: 177,188 Thread 0x9ece6800 Threw 0xe582e6d0 at /HUDSON/workspace/7u-2-build-linux-i586/jdk7u75/1940/hotspot/src/share/vm/prims/jvm.cpp:1281

Events (10 events):
Event: 175,955 Thread 0x9ece6800 Uncommon trap: trap_request=0xffffffde fr.pc=0xf36576b8
Event: 175,955 Thread 0x9ece6800 DEOPT PACKING pc=0xf36576b8 sp=0x9e5ad4f0
Event: 175,955 Thread 0x9ece6800 DEOPT UNPACKING pc=0xf35fabc8 sp=0x9e5ad4e4 mode 2
Event: 176,122 loading class 0x9e7ad2f8
Event: 176,183 loading class 0x9e7ad2f8 done
Event: 177,159 loading class 0x09f58638
Event: 177,159 loading class 0x09f58638 done
Event: 177,188 loading class 0x09f586f8
Event: 177,188 loading class 0x09f586f8 done
Event: 177,267 Executing VM operation: ParallelGCFailedAllocation


Dynamic libraries:
08048000-08049000 r-xp 00000000 08:01 5769060                            /usr/lib/jvm/jdk1.7.0_75/bin/java
08049000-0804a000 rw-p 00000000 08:01 5769060                            /usr/lib/jvm/jdk1.7.0_75/bin/java
09b8d000-0b234000 rw-p 00000000 00:00 0                                  [heap]
9d32d000-9d400000 rw-p 00000000 00:00 0 
9d400000-9d5d0000 rw-p 00000000 00:00 0 
9d5d0000-9d600000 ---p 00000000 00:00 0 
9d700000-9d900000 rw-p 00000000 00:00 0 
9d900000-9d9fc000 rw-p 00000000 00:00 0 
9d9fc000-9da00000 ---p 00000000 00:00 0 
9da00000-9dafd000 rw-p 00000000 00:00 0 
9dafd000-9db00000 ---p 00000000 00:00 0 
9dc00000-9dcfb000 rw-p 00000000 00:00 0 
9dcfb000-9dd00000 ---p 00000000 00:00 0 
9dd0e000-9dd15000 r-xp 00000000 08:01 5649215                            /usr/lib/jvm/jdk1.7.0_75/jre/lib/i386/libmanagement.so
9dd15000-9dd16000 rw-p 00006000 08:01 5649215                            /usr/lib/jvm/jdk1.7.0_75/jre/lib/i386/libmanagement.so
9dd16000-9dd17000 r--s 00004000 08:01 3675301                            /home/god/android-studio/gradle/m2repository/com/intellij/annotations/12.0/annotations-12.0.jar
9dd17000-9dd19000 r--s 0000d000 08:01 3675310                            /home/god/android-studio/gradle/m2repository/commons-codec/commons-codec/1.4/commons-codec-1.4.jar
9dd19000-9dd1b000 r--s 0000d000 08:01 929548                             /home/god/android-studio/gradle/m2repository/commons-logging/commons-logging/1.1.1/commons-logging-1.1.1.jar
9dd1b000-9dd20000 r--s 00028000 08:01 1318260                            /home/god/android-studio/gradle/m2repository/org/apache/httpcomponents/httpcore/4.1/httpcore-4.1.jar
9dd20000-9dd28000 r--s 000a8000 08:01 3417548                            /home/god/android-studio/gradle/m2repository/com/android/tools/external/lombok/lombok-ast/0.2.3/lombok-ast-0.2.3.jar
9dd28000-9dd2a000 r--s 00005000 08:01 1318266                            /home/god/android-studio/gradle/m2repository/org/abego/treelayout/org.abego.treelayout.core/1.0.1/org.abego.treelayout.core-1.0.1.jar
9dd2a000-9dd2b000 r--s 0000a000 08:01 1844494                            /home/god/android-studio/gradle/m2repository/net/sf/kxml/kxml2/2.3.0/kxml2-2.3.0.jar
9dd2b000-9dd2c000 r--s 00005000 08:01 2235944                            /home/god/android-studio/gradle/m2repository/com/android/tools/dvlib/24.5.0/dvlib-24.5.0.jar
9dd2c000-9dd33000 r--s 00053000 08:01 1069365                            /home/god/android-studio/gradle/m2repository/org/apache/commons/commons-compress/1.8.1/commons-compress-1.8.1.jar
9dd33000-9dd38000 r--s 0002a000 08:01 2107773                            /home/god/android-studio/gradle/m2repository/com/google/code/gson/gson/2.2.4/gson-2.2.4.jar
9dd38000-9dd3b000 r--s 00013000 08:01 3675267                            /home/god/android-studio/gradle/m2repository/com/android/tools/layoutlib/layoutlib-api/24.5.0/layoutlib-api-24.5.0.jar
9dd3b000-9dd3d000 r--s 00005000 08:01 1318251                            /home/god/android-studio/gradle/m2repository/org/apache/httpcomponents/httpmime/4.1/httpmime-4.1.jar
9dd3d000-9dd45000 r--s 0004e000 08:01 1318240                            /home/god/android-studio/gradle/m2repository/org/apache/httpcomponents/httpclient/4.1.1/httpclient-4.1.1.jar
9dd45000-9dd48000 r--s 0002d000 08:01 2497169                            /home/god/android-studio/gradle/m2repository/com/android/tools/lint/lint-api/24.5.0/lint-api-24.5.0.jar
9dd48000-9dd49000 r--s 00004000 08:01 812483                             /home/god/android-studio/gradle/m2repository/org/ow2/asm/asm-analysis/5.0.3/asm-analysis-5.0.3.jar
9dd49000-9dd4d000 r--s 00037000 08:01 929534                             /home/god/android-studio/gradle/m2repository/org/antlr/ST4/4.0.8/ST4-4.0.8.jar
9dd4d000-9dd4e000 r--s 00002000 08:01 2107803                            /home/god/android-studio/gradle/m2repository/com/tunnelvisionlabs/antlr4-annotations/4.5/antlr4-annotations-4.5.jar
9dd4e000-9dd55000 r--s 00062000 08:01 2107795                            /home/god/android-studio/gradle/m2repository/com/tunnelvisionlabs/antlr4-runtime/4.5/antlr4-runtime-4.5.jar
9dd55000-9dd63000 r--s 00081000 08:01 1069352                            /home/god/android-studio/gradle/m2repository/org/bouncycastle/bcpkix-jdk15on/1.48/bcpkix-jdk15on-1.48.jar
9dd63000-9dd65000 r--s 00005000 08:01 2235958                            /home/god/android-studio/gradle/m2repository/com/android/tools/jill/jill-api/0.9.0/jill-api-0.9.0.jar
9dd65000-9dd69000 r--s 00027000 08:01 3417594                            /home/god/android-studio/gradle/m2repository/com/android/tools/build/manifest-merger/24.5.0/manifest-merger-24.5.0.jar
9dd69000-9dd6e000 r--s 00047000 08:01 2497204                            /home/god/android-studio/gradle/m2repository/com/android/tools/ddms/ddmlib/24.5.0/ddmlib-24.5.0.jar
9dd6e000-9dd70000 r--s 00006000 08:01 2497196                            /home/god/android-studio/gradle/m2repository/com/android/tools/jack/jack-api/0.9.0/jack-api-0.9.0.jar
9dd70000-9dd71000 r--s 0000c000 08:01 812454                             /home/god/android-studio/gradle/m2repository/org/ow2/asm/asm/5.0.3/asm-5.0.3.jar
9dd71000-9dd74000 r--s 00026000 08:01 929528                             /home/god/android-studio/gradle/m2repository/org/antlr/antlr-runtime/3.5.2/antlr-runtime-3.5.2.jar
9dd74000-9dd7e000 r--s 000ab000 08:01 2235970                            /home/god/android-studio/gradle/m2repository/com/android/tools/sdklib/24.5.0/sdklib-24.5.0.jar
9dd7e000-9dd80000 r--s 00002000 08:01 3675297                            /home/god/android-studio/gradle/m2repository/com/squareup/javawriter/2.5.0/javawriter-2.5.0.jar
9dd80000-9dd82000 r--s 00016000 08:01 3417573                            /home/god/android-studio/gradle/m2repository/com/android/tools/common/24.5.0/common-24.5.0.jar
9dd82000-9ddb5000 r--s 00203000 08:01 1069357                            /home/god/android-studio/gradle/m2repository/org/bouncycastle/bcprov-jdk15on/1.48/bcprov-jdk15on-1.48.jar
9ddb5000-9ddbd000 r--s 00079000 08:01 3417566                            /home/god/android-studio/gradle/m2repository/com/android/tools/sdk-common/24.5.0/sdk-common-24.5.0.jar
9ddbd000-9ddcf000 r--s 00223000 08:01 1069346                            /home/god/android-studio/gradle/m2repository/org/eclipse/jdt/core/compiler/ecj/4.4.2/ecj-4.4.2.jar
9ddcf000-9ddd5000 r--s 000af000 08:01 2497189                            /home/god/android-studio/gradle/m2repository/com/android/tools/lint/lint-checks/24.5.0/lint-checks-24.5.0.jar
9ddd5000-9de00000 r--s 001f9000 08:01 2107783                            /home/god/android-studio/gradle/m2repository/com/google/guava/guava/17.0/guava-17.0.jar
9de00000-9def8000 rw-p 00000000 00:00 0 
9def8000-9df00000 ---p 00000000 00:00 0 
9df00000-9dfff000 rw-p 00000000 00:00 0 
9dfff000-9e000000 ---p 00000000 00:00 0 
9e000000-9e0f3000 rw-p 00000000 00:00 0 
9e0f3000-9e100000 ---p 00000000 00:00 0 
9e100000-9e102000 r--s 00006000 08:01 812466                             /home/god/android-studio/gradle/m2repository/org/ow2/asm/asm-tree/5.0.3/asm-tree-5.0.3.jar
9e102000-9e112000 r--s 000d6000 08:01 1844506                            /home/god/android-studio/gradle/m2repository/net/sf/proguard/proguard-base/5.2.1/proguard-base-5.2.1.jar
9e112000-9e11c000 r--s 00099000 08:01 2107799                            /home/god/android-studio/gradle/m2repository/com/tunnelvisionlabs/antlr4/4.5/antlr4-4.5.jar
9e11c000-9e123000 r--s 0005e000 08:01 1192922                            /home/god/android-studio/gradle/m2repository/org/apache/commons/commons-lang3/3.3.2/commons-lang3-3.3.2.jar
9e123000-9e13a000 r--s 0012c000 08:01 3417579                            /home/god/android-studio/gradle/m2repository/com/android/tools/build/gradle-core/1.5.0/gradle-core-1.5.0.jar
9e13a000-9e200000 r--s 00f3d000 08:01 144740                             /home/god/android-studio/lib/openapi.jar
9e200000-9e2ff000 rw-p 00000000 00:00 0 
9e2ff000-9e300000 ---p 00000000 00:00 0 
9e300000-9e302000 r--s 00005000 08:01 3545179                            /home/god/android-studio/gradle/m2repository/com/android/tools/build/builder-model/1.5.0/builder-model-1.5.0.jar
9e302000-9e306000 r--s 0002a000 08:01 143564                             /home/god/android-studio/gradle/m2repository/commons-io/commons-io/2.4/commons-io-2.4.jar
9e306000-9e309000 r--s 00033000 08:01 2235933                            /home/god/android-studio/gradle/m2repository/com/googlecode/juniversalchardet/juniversalchardet/1.0.3/juniversalchardet-1.0.3.jar
9e309000-9e30e000 r--s 00058000 08:01 812475                             /home/god/android-studio/gradle/m2repository/org/ow2/asm/asm-debug-all/5.0.1/asm-debug-all-5.0.1.jar
9e30e000-9e314000 r--s 0005a000 08:01 3545169                            /home/god/android-studio/gradle/m2repository/com/android/tools/build/builder/1.5.0/builder-1.5.0.jar
9e314000-9e317000 ---p 00000000 00:00 0 
9e317000-9e32f000 rw-p 00000000 00:00 0                                  [stack:17643]
9e32f000-9e330000 r--s 00002000 08:01 3545196                            /home/god/android-studio/gradle/m2repository/com/android/tools/build/builder-test-api/1.5.0/builder-test-api-1.5.0.jar
9e330000-9e331000 r--s 00002000 08:01 3675289                            /home/god/android-studio/gradle/m2repository/com/android/databinding/baseLibrary/1.0-rc5/baseLibrary-1.0-rc5.jar
9e331000-9e332000 r--s 00001000 08:01 2235952                            /home/god/android-studio/gradle/m2repository/com/android/tools/annotations/24.5.0/annotations-24.5.0.jar
9e332000-9e334000 r--s 00022000 08:01 2497180                            /home/god/android-studio/gradle/m2repository/com/android/tools/lint/lint/24.5.0/lint-24.5.0.jar
9e334000-9e338000 r--s 00026000 08:01 3675284                            /home/god/android-studio/gradle/m2repository/com/android/databinding/compilerCommon/1.0-rc5/compilerCommon-1.0-rc5.jar
9e338000-9e33a000 r--s 00001000 08:01 3545206                            /home/god/android-studio/gradle/m2repository/com/android/tools/build/transform-api/1.5.0/transform-api-1.5.0.jar
9e33a000-9e33e000 r--s 0001e000 08:01 929541                             /home/god/android-studio/gradle/m2repository/org/jacoco/org.jacoco.core/0.7.4.201502262128/org.jacoco.core-0.7.4.201502262128.jar
9e33e000-9e348000 r--s 00251000 08:01 5649247                            /usr/lib/jvm/jdk1.7.0_75/jre/lib/resources.jar
9e348000-9e3b4000 r--s 00696000 08:01 144774                             /home/god/android-studio/lib/groovy-all-2.3.9.jar
9e3b4000-9e47a000 r--s 00f3d000 08:01 682414                             /home/god/.gradle/caches/jars-1/f240xqz8eyiuqx38i2hr9rj2lorv7kc/openapi.jar
9e47a000-9e4a2000 r--s 001cf000 08:01 682408                             /home/god/.gradle/caches/jars-1/87eo0lrvp84r6dbxjq018wy66es2era/guava-jdk5-17.0.jar
9e4a2000-9e50d000 r--s 00e22000 08:01 5525543                            /usr/lib/jvm/jdk1.7.0_75/lib/tools.jar
9e50d000-9e510000 ---p 00000000 00:00 0 
9e510000-9e55e000 rw-p 00000000 00:00 0                                  [stack:17617]
9e55e000-9e561000 ---p 00000000 00:00 0 
9e561000-9e5af000 rw-p 00000000 00:00 0                                  [stack:17587]
9e5af000-9e5b2000 ---p 00000000 00:00 0 
9e5b2000-9e600000 rw-p 00000000 00:00 0                                  [stack:17586]
9e600000-9e6fa000 rw-p 00000000 00:00 0 
9e6fa000-9e700000 ---p 00000000 00:00 0 
9e700000-9e7f4000 rw-p 00000000 00:00 0 
9e7f4000-9e800000 ---p 00000000 00:00 0 
9e800000-9e801000 r--s 00002000 08:01 1844521                            /home/god/android-studio/gradle/m2repository/net/sf/proguard/proguard-gradle/5.2.1/proguard-gradle-5.2.1.jar
9e801000-9e803000 r--s 0000d000 08:01 3545187                            /home/god/android-studio/gradle/m2repository/com/android/tools/build/gradle/1.5.0/gradle-1.5.0.jar
9e803000-9e806000 r--s 00024000 08:01 3807436                            /home/god/android-studio/plugins/gradle/lib/gradle-tooling-extension-impl.jar
9e806000-9e80b000 r--s 0002e000 08:01 144719                             /home/god/android-studio/lib/gson-2.3.jar
9e80b000-9e80d000 r--s 00005000 08:01 3807415                            /home/god/android-studio/plugins/gradle/lib/gradle-tooling-extension-api.jar
9e80d000-9e810000 ---p 00000000 00:00 0 
9e810000-9e85e000 rw-p 00000000 00:00 0                                  [stack:17585]
9e85e000-9e861000 ---p 00000000 00:00 0 
9e861000-9e8af000 rw-p 00000000 00:00 0                                  [stack:17583]
9e8af000-9e8b2000 ---p 00000000 00:00 0 
9e8b2000-9e900000 rw-p 00000000 00:00 0                                  [stack:17581]
9e900000-9ea00000 rw-p 00000000 00:00 0 
9ea00000-9ea01000 r--p 00000000 00:00 0 
9ea01000-9ea02000 r--s 00000000 08:01 682416                             /home/god/.gradle/caches/jars-1/dg22azhabc6tsc1i8xni15giz1bnssh/gradle-appengine-builder-model-0.1.0.jar
9ea02000-9ea04000 r--s 00005000 08:01 682418                             /home/god/.gradle/caches/jars-1/nbo60g34apaec1q8xggue4jcl8ramo6/builder-model-1.5.0-beta2.jar
9ea04000-9ea06000 r--s 00005000 08:01 682412                             /home/god/.gradle/caches/jars-1/iaj5ork6auomi2ol9mxbshvs4g9yw31/gradle-tooling-extension-api.jar
9ea06000-9ea0c000 r--s 00026000 08:01 682410                             /home/god/.gradle/caches/jars-1/qlb402qqdb9mu9614i3hr843cfch7zw/gradle-base-services-2.2.jar
9ea0c000-9ea15000 r--s 0002c000 08:01 682406                             /home/god/.gradle/caches/jars-1/ltkluv74baem3ersp41z8rutm6he5v5/gradle-tooling-api-2.2.jar
9ea15000-9ea1c000 r--s 00000000 08:01 5506864                            /usr/lib/i386-linux-gnu/gconv/gconv-modules.cache
9ea1c000-9ea20000 r--s 0008b000 08:01 5649166                            /usr/lib/jvm/jdk1.7.0_75/jre/lib/jsse.jar
9ea20000-9ea22000 r--s 00005000 08:01 549118                             /home/god/.gradle/wrapper/dists/gradle-2.8-all/ah86jmo43de9lfa8xg9ux3c4h/gradle-2.8/lib/plugins/gradle-tooling-api-builders-2.8.jar
9ea22000-9ea32000 r--s 00088000 08:01 549378                             /home/god/.gradle/wrapper/dists/gradle-2.8-all/ah86jmo43de9lfa8xg9ux3c4h/gradle-2.8/lib/plugins/joda-time-2.8.2.jar
9ea32000-9ea43000 r--s 000cf000 08:01 549376                             /home/god/.gradle/wrapper/dists/gradle-2.8-all/ah86jmo43de9lfa8xg9ux3c4h/gradle-2.8/lib/plugins/jackson-databind-2.3.2.jar
9ea43000-9ea45000 r--s 00007000 08:01 549375                             /home/god/.gradle/wrapper/dists/gradle-2.8-all/ah86jmo43de9lfa8xg9ux3c4h/gradle-2.8/lib/plugins/jackson-annotations-2.3.2.jar
9ea45000-9ea48000 r--s 0002e000 08:01 549374                             /home/god/.gradle/wrapper/dists/gradle-2.8-all/ah86jmo43de9lfa8xg9ux3c4h/gradle-2.8/lib/plugins/jackson-core-2.3.2.jar
9ea48000-9ea53000 r--s 0006b000 08:01 549373                             /home/god/.gradle/wrapper/dists/gradle-2.8-all/ah86jmo43de9lfa8xg9ux3c4h/gradle-2.8/lib/plugins/aws-java-sdk-core-1.9.19.jar
9ea53000-9ea59000 r--s 00036000 08:01 549367                             /home/god/.gradle/wrapper/dists/gradle-2.8-all/ah86jmo43de9lfa8xg9ux3c4h/gradle-2.8/lib/plugins/aws-java-sdk-kms-1.9.19.jar
9ea59000-9ea64000 r--s 00079000 08:01 549366                             /home/god/.gradle/wrapper/dists/gradle-2.8-all/ah86jmo43de9lfa8xg9ux3c4h/gradle-2.8/lib/plugins/aws-java-sdk-s3-1.9.19.jar
9ea64000-9ea65000 r--s 00003000 08:01 549116                             /home/god/.gradle/wrapper/dists/gradle-2.8-all/ah86jmo43de9lfa8xg9ux3c4h/gradle-2.8/lib/plugins/gradle-resources-s3-2.8.jar
9ea65000-9ea66000 r--s 00004000 08:01 549114                             /home/god/.gradle/wrapper/dists/gradle-2.8-all/ah86jmo43de9lfa8xg9ux3c4h/gradle-2.8/lib/plugins/gradle-resources-sftp-2.8.jar
9ea66000-9ea68000 r--s 00005000 08:01 549104                             /home/god/.gradle/wrapper/dists/gradle-2.8-all/ah86jmo43de9lfa8xg9ux3c4h/gradle-2.8/lib/plugins/gradle-testing-native-2.8.jar
9ea68000-9ea6d000 r--s 0002b000 08:01 549102                             /home/god/.gradle/wrapper/dists/gradle-2.8-all/ah86jmo43de9lfa8xg9ux3c4h/gradle-2.8/lib/plugins/gradle-ide-native-2.8.jar
9ea6d000-9ea73000 r--s 00019000 08:01 549100                             /home/god/.gradle/wrapper/dists/gradle-2.8-all/ah86jmo43de9lfa8xg9ux3c4h/gradle-2.8/lib/plugins/gradle-language-native-2.8.jar
9ea73000-9ea78000 r--s 00028000 08:01 549098                             /home/god/.gradle/wrapper/dists/gradle-2.8-all/ah86jmo43de9lfa8xg9ux3c4h/gradle-2.8/lib/plugins/gradle-platform-play-2.8.jar
9ea78000-9ea85000 r--s 0004f000 08:01 549096                             /home/god/.gradle/wrapper/dists/gradle-2.8-all/ah86jmo43de9lfa8xg9ux3c4h/gradle-2.8/lib/plugins/gradle-platform-native-2.8.jar
9ea85000-9ea88000 r--s 00008000 08:01 549094                             /home/god/.gradle/wrapper/dists/gradle-2.8-all/ah86jmo43de9lfa8xg9ux3c4h/gradle-2.8/lib/plugins/gradle-language-scala-2.8.jar
9ea88000-9ea8b000 r--s 00009000 08:01 549092                             /home/god/.gradle/wrapper/dists/gradle-2.8-all/ah86jmo43de9lfa8xg9ux3c4h/gradle-2.8/lib/plugins/gradle-language-groovy-2.8.jar
9ea8b000-9ea91000 r--s 00023000 08:01 549090                             /home/god/.gradle/wrapper/dists/gradle-2.8-all/ah86jmo43de9lfa8xg9ux3c4h/gradle-2.8/lib/plugins/gradle-language-java-2.8.jar
9ea91000-9ea93000 r--s 00008000 08:01 549088                             /home/god/.gradle/wrapper/dists/gradle-2.8-all/ah86jmo43de9lfa8xg9ux3c4h/gradle-2.8/lib/plugins/gradle-language-jvm-2.8.jar
9ea93000-9ea96000 r--s 0000d000 08:01 549086                             /home/god/.gradle/wrapper/dists/gradle-2.8-all/ah86jmo43de9lfa8xg9ux3c4h/gradle-2.8/lib/plugins/gradle-platform-jvm-2.8.jar
9ea96000-9ea9e000 r--s 0002c000 08:01 549084                             /home/god/.gradle/wrapper/dists/gradle-2.8-all/ah86jmo43de9lfa8xg9ux3c4h/gradle-2.8/lib/plugins/gradle-platform-base-2.8.jar
9ea9e000-9eaa2000 r--s 00020000 08:01 549082                             /home/god/.gradle/wrapper/dists/gradle-2.8-all/ah86jmo43de9lfa8xg9ux3c4h/gradle-2.8/lib/plugins/gradle-build-init-2.8.jar
9eaa2000-9eaa5000 r--s 00017000 08:01 549080                             /home/god/.gradle/wrapper/dists/gradle-2.8-all/ah86jmo43de9lfa8xg9ux3c4h/gradle-2.8/lib/plugins/gradle-jacoco-2.8.jar
9eaa5000-9eaa8000 r--s 0000e000 08:01 549078                             /home/god/.gradle/wrapper/dists/gradle-2.8-all/ah86jmo43de9lfa8xg9ux3c4h/gradle-2.8/lib/plugins/gradle-ivy-2.8.jar
9eaa8000-9eaaa000 r--s 00002000 08:01 549066                             /home/god/.gradle/wrapper/dists/gradle-2.8-all/ah86jmo43de9lfa8xg9ux3c4h/gradle-2.8/lib/plugins/gradle-publish-2.8.jar
9eaaa000-9eaac000 r--s 00005000 08:01 549345                             /home/god/.gradle/wrapper/dists/gradle-2.8-all/ah86jmo43de9lfa8xg9ux3c4h/gradle-2.8/lib/plugins/jatl-0.2.2.jar
9eaac000-9eaae000 r--s 0000f000 08:01 549064                             /home/god/.gradle/wrapper/dists/gradle-2.8-all/ah86jmo43de9lfa8xg9ux3c4h/gradle-2.8/lib/plugins/gradle-reporting-2.8.jar
9eaae000-9eab3000 r--s 00035000 08:01 549062                             /home/god/.gradle/wrapper/dists/gradle-2.8-all/ah86jmo43de9lfa8xg9ux3c4h/gradle-2.8/lib/plugins/gradle-diagnostics-2.8.jar
9eab3000-9eaba000 r--s 0008f000 08:01 549058                             /home/god/.gradle/wrapper/dists/gradle-2.8-all/ah86jmo43de9lfa8xg9ux3c4h/gradle-2.8/lib/plugins/gradle-build-comparison-2.8.jar
9eaba000-9eac1000 r--s 00035000 08:01 549341                             /home/god/.gradle/wrapper/dists/gradle-2.8-all/ah86jmo43de9lfa8xg9ux3c4h/gradle-2.8/lib/plugins/simple-4.1.21.jar
9eac1000-9eacd000 r--s 00100000 08:01 549320                             /home/god/.gradle/wrapper/dists/gradle-2.8-all/ah86jmo43de9lfa8xg9ux3c4h/gradle-2.8/lib/plugins/rhino-1.7R3.jar
9eacd000-9ead1000 r--s 0001c000 08:01 549056                             /home/god/.gradle/wrapper/dists/gradle-2.8-all/ah86jmo43de9lfa8xg9ux3c4h/gradle-2.8/lib/plugins/gradle-javascript-2.8.jar
9ead1000-9ead3000 r--s 0000b000 08:01 549054                             /home/god/.gradle/wrapper/dists/gradle-2.8-all/ah86jmo43de9lfa8xg9ux3c4h/gradle-2.8/lib/plugins/gradle-ear-2.8.jar
9ead3000-9eada000 r--s 00038000 08:01 549308                             /home/god/.gradle/wrapper/dists/gradle-2.8-all/ah86jmo43de9lfa8xg9ux3c4h/gradle-2.8/lib/plugins/bcpg-jdk15on-1.51.jar
9eada000-9eadc000 r--s 00017000 08:01 549042                             /home/god/.gradle/wrapper/dists/gradle-2.8-all/ah86jmo43de9lfa8xg9ux3c4h/gradle-2.8/lib/plugins/gradle-signing-2.8.jar
9eadc000-9eadf000 r--s 00015000 08:01 549040                             /home/god/.gradle/wrapper/dists/gradle-2.8-all/ah86jmo43de9lfa8xg9ux3c4h/gradle-2.8/lib/plugins/gradle-sonar-2.8.jar
9eadf000-9eb00000 r--s 001c3000 08:01 549218                             /home/god/.gradle/wrapper/dists/gradle-2.8-all/ah86jmo43de9lfa8xg9ux3c4h/gradle-2.8/lib/plugins/bndlib-2.4.0.jar
9eb00000-9ec00000 rw-p 00000000 00:00 0 
9ec00000-9ecfe000 rw-p 00000000 00:00 0 
9ecfe000-9ed00000 ---p 00000000 00:00 0 
9ed00000-9ed01000 r--s 00001000 08:01 549106                             /home/god/.gradle/wrapper/dists/gradle-2.8-all/ah86jmo43de9lfa8xg9ux3c4h/gradle-2.8/lib/plugins/gradle-plugin-development-2.8.jar
9ed01000-9ed02000 r--s 00002000 08:01 549306                             /home/god/.gradle/wrapper/dists/gradle-2.8-all/ah86jmo43de9lfa8xg9ux3c4h/gradle-2.8/lib/plugins/sonar-batch-bootstrapper-2.9.jar
9ed02000-9ed05000 r--s 00010000 08:01 549038                             /home/god/.gradle/wrapper/dists/gradle-2.8-all/ah86jmo43de9lfa8xg9ux3c4h/gradle-2.8/lib/plugins/gradle-scala-2.8.jar
9ed05000-9ed07000 r--s 0000a000 08:01 549036                             /home/god/.gradle/wrapper/dists/gradle-2.8-all/ah86jmo43de9lfa8xg9ux3c4h/gradle-2.8/lib/plugins/gradle-announce-2.8.jar
9ed07000-9ed15000 r--s 0009f000 08:01 549034                             /home/god/.gradle/wrapper/dists/gradle-2.8-all/ah86jmo43de9lfa8xg9ux3c4h/gradle-2.8/lib/plugins/gradle-ide-2.8.jar
9ed15000-9ed18000 r--s 0000c000 08:01 549234                             /home/god/.gradle/wrapper/dists/gradle-2.8-all/ah86jmo43de9lfa8xg9ux3c4h/gradle-2.8/lib/plugins/pmaven-groovy-0.8-20100325.jar
9ed18000-9ed19000 r--s 00004000 08:01 549232                             /home/god/.gradle/wrapper/dists/gradle-2.8-all/ah86jmo43de9lfa8xg9ux3c4h/gradle-2.8/lib/plugins/pmaven-common-0.8-20100325.jar
9ed19000-9ed1f000 r--s 00022000 08:01 549024                             /home/god/.gradle/wrapper/dists/gradle-2.8-all/ah86jmo43de9lfa8xg9ux3c4h/gradle-2.8/lib/plugins/gradle-maven-2.8.jar
9ed1f000-9ed21000 r--s 00004000 08:01 549020                             /home/god/.gradle/wrapper/dists/gradle-2.8-all/ah86jmo43de9lfa8xg9ux3c4h/gradle-2.8/lib/plugins/gradle-osgi-2.8.jar
9ed21000-9ed23000 r--s 00008000 08:01 549018                             /home/god/.gradle/wrapper/dists/gradle-2.8-all/ah86jmo43de9lfa8xg9ux3c4h/gradle-2.8/lib/plugins/gradle-antlr-2.8.jar
9ed23000-9ed26000 r--s 0001e000 08:01 549393                             /home/god/.gradle/wrapper/dists/gradle-2.8-all/ah86jmo43de9lfa8xg9ux3c4h/gradle-2.8/lib/plugins/jsp-api-2.1-6.1.14.jar
9ed26000-9ed49000 r--s 00344000 08:01 549392                             /home/god/.gradle/wrapper/dists/gradle-2.8-all/ah86jmo43de9lfa8xg9ux3c4h/gradle-2.8/lib/plugins/core-3.1.1.jar
9ed49000-9ed4a000 r--s 00006000 08:01 549391                             /home/god/.gradle/wrapper/dists/gradle-2.8-all/ah86jmo43de9lfa8xg9ux3c4h/gradle-2.8/lib/plugins/jetty-naming-6.1.25.jar
9ed4a000-9ed4b000 r--s 00002000 08:01 549216                             /home/god/.gradle/wrapper/dists/gradle-2.8-all/ah86jmo43de9lfa8xg9ux3c4h/gradle-2.8/lib/plugins/geronimo-annotation_1.0_spec-1.0.jar
9ed4b000-9ed4d000 r--s 00002000 08:01 549214                             /home/god/.gradle/wrapper/dists/gradle-2.8-all/ah86jmo43de9lfa8xg9ux3c4h/gradle-2.8/lib/plugins/jetty-annotations-6.1.25.jar
9ed4d000-9ed5e000 r--s 000ea000 08:01 549190                             /home/god/.gradle/wrapper/dists/gradle-2.8-all/ah86jmo43de9lfa8xg9ux3c4h/gradle-2.8/lib/plugins/jsp-2.1-6.1.14.jar
9ed5e000-9ed60000 r--s 0000d000 08:01 549172                             /home/god/.gradle/wrapper/dists/gradle-2.8-all/ah86jmo43de9lfa8xg9ux3c4h/gradle-2.8/lib/plugins/jetty-plus-6.1.25.jar
9ed60000-9ed62000 r--s 0001f000 08:01 549170                             /home/god/.gradle/wrapper/dists/gradle-2.8-all/ah86jmo43de9lfa8xg9ux3c4h/gradle-2.8/lib/plugins/servlet-api-2.5-20081211.jar
9ed62000-9ed66000 r--s 00028000 08:01 549166                             /home/god/.gradle/wrapper/dists/gradle-2.8-all/ah86jmo43de9lfa8xg9ux3c4h/gradle-2.8/lib/plugins/jetty-util-6.1.25.jar
9ed66000-9ed6d000 r--s 0007d000 08:01 549162                             /home/god/.gradle/wrapper/dists/gradle-2.8-all/ah86jmo43de9lfa8xg9ux3c4h/gradle-2.8/lib/plugins/jetty-6.1.25.jar
9ed6d000-9ed6f000 r--s 00009000 08:01 549016                             /home/god/.gradle/wrapper/dists/gradle-2.8-all/ah86jmo43de9lfa8xg9ux3c4h/gradle-2.8/lib/plugins/gradle-jetty-2.8.jar
9ed6f000-9ed75000 r--s 00036000 08:01 549014                             /home/god/.gradle/wrapper/dists/gradle-2.8-all/ah86jmo43de9lfa8xg9ux3c4h/gradle-2.8/lib/plugins/gradle-code-quality-2.8.jar
9ed75000-9ed77000 r--s 00009000 08:01 549658                             /home/god/.gradle/wrapper/dists/gradle-2.8-all/ah86jmo43de9lfa8xg9ux3c4h/gradle-2.8/lib/plugins/hamcrest-core-1.3.jar
9ed77000-9ed7d000 r--s 00033000 08:01 549390                             /home/god/.gradle/wrapper/dists/gradle-2.8-all/ah86jmo43de9lfa8xg9ux3c4h/gradle-2.8/lib/plugins/snakeyaml-1.6.jar
9ed7d000-9ed7f000 r--s 00006000 08:01 549389                             /home/god/.gradle/wrapper/dists/gradle-2.8-all/ah86jmo43de9lfa8xg9ux3c4h/gradle-2.8/lib/plugins/jcommander-1.12.jar
9ed7f000-9ed84000 r--s 00040000 08:01 549386                             /home/god/.gradle/wrapper/dists/gradle-2.8-all/ah86jmo43de9lfa8xg9ux3c4h/gradle-2.8/lib/plugins/bsh-2.0b4.jar
9ed84000-9ed86000 r--s 00009000 08:01 549160                             /home/god/.gradle/wrapper/dists/gradle-2.8-all/ah86jmo43de9lfa8xg9ux3c4h/gradle-2.8/lib/plugins/commons-cli-1.2.jar
9ed86000-9ed8f000 r--s 00089000 08:01 549158                             /home/god/.gradle/wrapper/dists/gradle-2.8-all/ah86jmo43de9lfa8xg9ux3c4h/gradle-2.8/lib/plugins/testng-6.3.1.jar
9ed8f000-9ed97000 r--s 00045000 08:01 549154                             /home/god/.gradle/wrapper/dists/gradle-2.8-all/ah86jmo43de9lfa8xg9ux3c4h/gradle-2.8/lib/plugins/junit-4.12.jar
9ed97000-9eda3000 r--s 00073000 08:01 549010                             /home/god/.gradle/wrapper/dists/gradle-2.8-all/ah86jmo43de9lfa8xg9ux3c4h/gradle-2.8/lib/plugins/gradle-plugins-2.8.jar
9eda3000-9edbb000 r--s 00115000 08:01 549655                             /home/god/.gradle/wrapper/dists/gradle-2.8-all/ah86jmo43de9lfa8xg9ux3c4h/gradle-2.8/lib/plugins/xercesImpl-2.9.1.jar
9edbb000-9edc3000 r--s 00028000 08:01 549656                             /home/god/.gradle/wrapper/dists/gradle-2.8-all/ah86jmo43de9lfa8xg9ux3c4h/gradle-2.8/lib/plugins/xml-apis-1.3.04.jar
9edc3000-9edc9000 r--s 0005b000 08:01 549654                             /home/god/.gradle/wrapper/dists/gradle-2.8-all/ah86jmo43de9lfa8xg9ux3c4h/gradle-2.8/lib/plugins/jcifs-1.3.17.jar
9edc9000-9edcf000 r--s 00031000 08:01 549653                             /home/god/.gradle/wrapper/dists/gradle-2.8-all/ah86jmo43de9lfa8xg9ux3c4h/gradle-2.8/lib/plugins/httpcore-4.2.2.jar
9edcf000-9edd5000 r--s 00033000 08:01 549637                             /home/god/.gradle/wrapper/dists/gradle-2.8-all/ah86jmo43de9lfa8xg9ux3c4h/gradle-2.8/lib/plugins/commons-codec-1.6.jar
9edd5000-9edd8000 r--s 0001c000 08:01 549349                             /home/god/.gradle/wrapper/dists/gradle-2.8-all/ah86jmo43de9lfa8xg9ux3c4h/gradle-2.8/lib/plugins/nekohtml-1.9.14.jar
9edd8000-9ede1000 r--s 00060000 08:01 549348                             /home/god/.gradle/wrapper/dists/gradle-2.8-all/ah86jmo43de9lfa8xg9ux3c4h/gradle-2.8/lib/plugins/httpclient-4.2.2.jar
9ede1000-9ede3000 r--s 00009000 08:01 549112                             /home/god/.gradle/wrapper/dists/gradle-2.8-all/ah86jmo43de9lfa8xg9ux3c4h/gradle-2.8/lib/plugins/gradle-resources-http-2.8.jar
9ede3000-9ede6000 r--s 00011000 08:01 549110                             /home/god/.gradle/wrapper/dists/gradle-2.8-all/ah86jmo43de9lfa8xg9ux3c4h/gradle-2.8/lib/plugins/gradle-plugin-use-2.8.jar
9ede6000-9ede7000 r--s 00007000 08:01 549636                             /home/god/.gradle/wrapper/dists/gradle-2.8-all/ah86jmo43de9lfa8xg9ux3c4h/gradle-2.8/lib/plugins/wagon-http-shared4-2.4.jar
9ede7000-9edeb000 r--s 00033000 08:01 549470                             /home/god/.gradle/wrapper/dists/gradle-2.8-all/ah86jmo43de9lfa8xg9ux3c4h/gradle-2.8/lib/plugins/plexus-utils-2.0.6.jar
9edeb000-9edef000 r--s 00021000 08:01 549468                             /home/god/.gradle/wrapper/dists/gradle-2.8-all/ah86jmo43de9lfa8xg9ux3c4h/gradle-2.8/lib/plugins/maven-model-builder-3.0.4.jar
9edef000-9edf0000 r--s 00002000 08:01 549464                             /home/god/.gradle/wrapper/dists/gradle-2.8-all/ah86jmo43de9lfa8xg9ux3c4h/gradle-2.8/lib/plugins/wagon-file-2.4.jar
9edf0000-9edf2000 r--s 00002000 08:01 549462                             /home/god/.gradle/wrapper/dists/gradle-2.8-all/ah86jmo43de9lfa8xg9ux3c4h/gradle-2.8/lib/plugins/plexus-cipher-1.7.jar
9edf2000-9edf5000 r--s 00013000 08:01 549461                             /home/god/.gradle/wrapper/dists/gradle-2.8-all/ah86jmo43de9lfa8xg9ux3c4h/gradle-2.8/lib/plugins/aether-api-1.13.1.jar
9edf5000-9edf7000 r--s 0000a000 08:01 549451                             /home/god/.gradle/wrapper/dists/gradle-2.8-all/ah86jmo43de9lfa8xg9ux3c4h/gradle-2.8/lib/plugins/maven-settings-3.0.4.jar
9edf7000-9edf9000 r--s 0000d000 08:01 549450                             /home/god/.gradle/wrapper/dists/gradle-2.8-all/ah86jmo43de9lfa8xg9ux3c4h/gradle-2.8/lib/plugins/plexus-interpolation-1.14.jar
9edf9000-9ee00000 r--s 0002e000 08:01 549447                             /home/god/.gradle/wrapper/dists/gradle-2.8-all/ah86jmo43de9lfa8xg9ux3c4h/gradle-2.8/lib/plugins/plexus-container-default-1.5.5.jar
9ee00000-9eefc000 rw-p 00000000 00:00 0 
9eefc000-9ef00000 ---p 00000000 00:00 0 
9ef00000-9ef02000 r--s 0000b000 08:01 549449                             /home/god/.gradle/wrapper/dists/gradle-2.8-all/ah86jmo43de9lfa8xg9ux3c4h/gradle-2.8/lib/plugins/maven-artifact-3.0.4.jar
9ef02000-9ef04000 r--s 0000b000 08:01 549439                             /home/god/.gradle/wrapper/dists/gradle-2.8-all/ah86jmo43de9lfa8xg9ux3c4h/gradle-2.8/lib/plugins/maven-plugin-api-3.0.4.jar
9ef04000-9ef06000 r--s 00000000 08:01 549659                             /home/god/.gradle/wrapper/dists/gradle-2.8-all/ah86jmo43de9lfa8xg9ux3c4h/gradle-2.8/lib/plugins/plexus-component-annotations-1.5.5.jar
9ef06000-9ef0c000 r--s 0003f000 08:01 549431                             /home/god/.gradle/wrapper/dists/gradle-2.8-all/ah86jmo43de9lfa8xg9ux3c4h/gradle-2.8/lib/plugins/maven-compat-3.0.4.jar
9ef0c000-9ef0f000 r--s 00008000 08:01 549429                             /home/god/.gradle/wrapper/dists/gradle-2.8-all/ah86jmo43de9lfa8xg9ux3c4h/gradle-2.8/lib/plugins/maven-settings-builder-3.0.4.jar
9ef0f000-9ef11000 r--s 00026000 08:01 549422                             /home/god/.gradle/wrapper/dists/gradle-2.8-all/ah86jmo43de9lfa8xg9ux3c4h/gradle-2.8/lib/plugins/maven-model-3.0.4.jar
9ef11000-9ef13000 r--s 00006000 08:01 549419                             /home/god/.gradle/wrapper/dists/gradle-2.8-all/ah86jmo43de9lfa8xg9ux3c4h/gradle-2.8/lib/plugins/aether-connector-wagon-1.13.1.jar
9ef13000-9ef15000 r--s 0000a000 08:01 549416                             /home/god/.gradle/wrapper/dists/gradle-2.8-all/ah86jmo43de9lfa8xg9ux3c4h/gradle-2.8/lib/plugins/plexus-classworlds-2.4.jar
9ef15000-9ef17000 r--s 00006000 08:01 549415                             /home/god/.gradle/wrapper/dists/gradle-2.8-all/ah86jmo43de9lfa8xg9ux3c4h/gradle-2.8/lib/plugins/maven-repository-metadata-3.0.4.jar
9ef17000-9ef19000 r--s 0000c000 08:01 549413                             /home/god/.gradle/wrapper/dists/gradle-2.8-all/ah86jmo43de9lfa8xg9ux3c4h/gradle-2.8/lib/plugins/maven-aether-provider-3.0.4.jar
9ef19000-9ef1b000 r--s 0000b000 08:01 549410                             /home/god/.gradle/wrapper/dists/gradle-2.8-all/ah86jmo43de9lfa8xg9ux3c4h/gradle-2.8/lib/plugins/wagon-provider-api-2.4.jar
9ef1b000-9ef1f000 r--s 0001c000 08:01 549400                             /home/god/.gradle/wrapper/dists/gradle-2.8-all/ah86jmo43de9lfa8xg9ux3c4h/gradle-2.8/lib/plugins/aether-util-1.13.1.jar
9ef1f000-9ef22000 r--s 0001d000 08:01 549398                             /home/god/.gradle/wrapper/dists/gradle-2.8-all/ah86jmo43de9lfa8xg9ux3c4h/gradle-2.8/lib/plugins/aether-impl-1.13.1.jar
9ef22000-9ef62000 r--s 00277000 08:01 549382                             /home/god/.gradle/wrapper/dists/gradle-2.8-all/ah86jmo43de9lfa8xg9ux3c4h/gradle-2.8/lib/plugins/bcprov-jdk15on-1.51.jar
9ef62000-9f03e000 r-xp 00000000 08:01 5505296                            /usr/lib/i386-linux-gnu/libstdc++.so.6.0.19
9f03e000-9f042000 r--p 000dc000 08:01 5505296                            /usr/lib/i386-linux-gnu/libstdc++.so.6.0.19
9f042000-9f043000 rw-p 000e0000 08:01 5505296                            /usr/lib/i386-linux-gnu/libstdc++.so.6.0.19
9f043000-9f200000 rw-p 00000000 00:00 0 
9f200000-9f2ff000 rw-p 00000000 00:00 0 
9f2ff000-9f300000 ---p 00000000 00:00 0 
9f300000-9f301000 r--s 00002000 08:01 549423                             /home/god/.gradle/wrapper/dists/gradle-2.8-all/ah86jmo43de9lfa8xg9ux3c4h/gradle-2.8/lib/plugins/wagon-http-2.4.jar
9f301000-9f302000 r--s 00003000 08:01 549408                             /home/god/.gradle/wrapper/dists/gradle-2.8-all/ah86jmo43de9lfa8xg9ux3c4h/gradle-2.8/lib/plugins/aether-spi-1.13.1.jar
9f302000-9f303000 r--s 00006000 08:01 549395                             /home/god/.gradle/wrapper/dists/gradle-2.8-all/ah86jmo43de9lfa8xg9ux3c4h/gradle-2.8/lib/plugins/plexus-sec-dispatcher-1.3.jar
9f303000-9f307000 r--s 0003d000 08:01 549358                             /home/god/.gradle/wrapper/dists/gradle-2.8-all/ah86jmo43de9lfa8xg9ux3c4h/gradle-2.8/lib/plugins/jsch-0.1.51.jar
9f307000-9f313000 r--s 0007d000 08:01 549222                             /home/god/.gradle/wrapper/dists/gradle-2.8-all/ah86jmo43de9lfa8xg9ux3c4h/gradle-2.8/lib/plugins/maven-core-3.0.4.jar
9f313000-9f318000 r--s 0002a000 08:01 549338                             /home/god/.gradle/wrapper/dists/gradle-2.8-all/ah86jmo43de9lfa8xg9ux3c4h/gradle-2.8/lib/plugins/gson-2.2.4.jar
9f318000-9f327000 r--s 000d9000 08:01 549380                             /home/god/.gradle/wrapper/dists/gradle-2.8-all/ah86jmo43de9lfa8xg9ux3c4h/gradle-2.8/lib/plugins/ivy-2.2.0.jar
9f327000-9f343000 r-xp 00000000 08:01 1448586                            /lib/i386-linux-gnu/libgcc_s.so.1
9f343000-9f344000 rw-p 0001b000 08:01 1448586                            /lib/i386-linux-gnu/libgcc_s.so.1
9f344000-9f348000 r--s 0001d000 08:01 549381                             /home/god/.gradle/wrapper/dists/gradle-2.8-all/ah86jmo43de9lfa8xg9ux3c4h/gradle-2.8/lib/plugins/xbean-reflect-3.4.jar
9f348000-9f364000 r--s 000ca000 08:01 549128                             /home/god/.gradle/wrapper/dists/gradle-2.8-all/ah86jmo43de9lfa8xg9ux3c4h/gradle-2.8/lib/plugins/gradle-dependency-management-2.8.jar
9f364000-9f368000 r-xp 00000000 08:01 550566                             /home/god/.gradle/native/19/linux-i386/libnative-platform.so
9f368000-9f369000 rw-p 00003000 08:01 550566                             /home/god/.gradle/native/19/linux-i386/libnative-platform.so
9f369000-9f377000 r-xp 00000000 08:01 5649180                            /usr/lib/jvm/jdk1.7.0_75/jre/lib/i386/libnio.so
9f377000-9f378000 rw-p 0000e000 08:01 5649180                            /usr/lib/jvm/jdk1.7.0_75/jre/lib/i386/libnio.so
9f378000-9f38d000 r-xp 00000000 08:01 5649235                            /usr/lib/jvm/jdk1.7.0_75/jre/lib/i386/libnet.so
9f38d000-9f38e000 rw-p 00014000 08:01 5649235                            /usr/lib/jvm/jdk1.7.0_75/jre/lib/i386/libnet.so
9f38e000-9f38f000 r--s 00006000 08:01 548820                             /home/god/.gradle/wrapper/dists/gradle-2.8-all/ah86jmo43de9lfa8xg9ux3c4h/gradle-2.8/lib/gradle-wrapper-2.8.jar
9f38f000-9f39a000 r--s 0003a000 08:01 548844                             /home/god/.gradle/wrapper/dists/gradle-2.8-all/ah86jmo43de9lfa8xg9ux3c4h/gradle-2.8/lib/gradle-tooling-api-2.8.jar
9f39a000-9f39c000 r--s 00002000 08:01 548956                             /home/god/.gradle/wrapper/dists/gradle-2.8-all/ah86jmo43de9lfa8xg9ux3c4h/gradle-2.8/lib/gradle-open-api-2.8.jar
9f39c000-9f3a2000 r--s 00032000 08:01 548960                             /home/god/.gradle/wrapper/dists/gradle-2.8-all/ah86jmo43de9lfa8xg9ux3c4h/gradle-2.8/lib/jaxen-1.1.jar
9f3a2000-9f3a7000 r--s 00048000 08:01 548958                             /home/god/.gradle/wrapper/dists/gradle-2.8-all/ah86jmo43de9lfa8xg9ux3c4h/gradle-2.8/lib/dom4j-1.6.1.jar
9f3a7000-9f3b2000 r--s 00059000 08:01 548840                             /home/god/.gradle/wrapper/dists/gradle-2.8-all/ah86jmo43de9lfa8xg9ux3c4h/gradle-2.8/lib/gradle-ui-2.8.jar
9f3b2000-9f3b5000 r--s 00008000 08:01 548938                             /home/god/.gradle/wrapper/dists/gradle-2.8-all/ah86jmo43de9lfa8xg9ux3c4h/gradle-2.8/lib/gradle-resources-2.8.jar
9f3b5000-9f3b7000 r--s 00007000 08:01 549006                             /home/god/.gradle/wrapper/dists/gradle-2.8-all/ah86jmo43de9lfa8xg9ux3c4h/gradle-2.8/lib/objenesis-1.2.jar
9f3b7000-9f3b9000 r--s 00000000 08:01 549004                             /home/god/.gradle/wrapper/dists/gradle-2.8-all/ah86jmo43de9lfa8xg9ux3c4h/gradle-2.8/lib/minlog-1.2.jar
9f3b9000-9f3bb000 r--s 0000f000 08:01 548994                             /home/god/.gradle/wrapper/dists/gradle-2.8-all/ah86jmo43de9lfa8xg9ux3c4h/gradle-2.8/lib/reflectasm-1.07-shaded.jar
9f3bb000-9f3bf000 r--s 00026000 08:01 548970                             /home/god/.gradle/wrapper/dists/gradle-2.8-all/ah86jmo43de9lfa8xg9ux3c4h/gradle-2.8/lib/kryo-2.20.jar
9f3bf000-9f3c8000 r--s 0003f000 08:01 548936                             /home/god/.gradle/wrapper/dists/gradle-2.8-all/ah86jmo43de9lfa8xg9ux3c4h/gradle-2.8/lib/gradle-messaging-2.8.jar
9f3c8000-9f3c9000 r--s 00003000 08:01 548990                             /home/god/.gradle/wrapper/dists/gradle-2.8-all/ah86jmo43de9lfa8xg9ux3c4h/gradle-2.8/lib/native-platform-freebsd-amd64-0.10.jar
9f3c9000-9f3ca000 r--s 00003000 08:01 548988                             /home/god/.gradle/wrapper/dists/gradle-2.8-all/ah86jmo43de9lfa8xg9ux3c4h/gradle-2.8/lib/native-platform-freebsd-i386-0.10.jar
9f3ca000-9f3cb000 r--s 00005000 08:01 548986                             /home/god/.gradle/wrapper/dists/gradle-2.8-all/ah86jmo43de9lfa8xg9ux3c4h/gradle-2.8/lib/native-platform-windows-i386-0.10.jar
9f3cb000-9f3cc000 r--s 00005000 08:01 548984                             /home/god/.gradle/wrapper/dists/gradle-2.8-all/ah86jmo43de9lfa8xg9ux3c4h/gradle-2.8/lib/native-platform-windows-amd64-0.10.jar
9f3cc000-9f3cd000 r--s 00003000 08:01 548982                             /home/god/.gradle/wrapper/dists/gradle-2.8-all/ah86jmo43de9lfa8xg9ux3c4h/gradle-2.8/lib/native-platform-linux-i386-0.10.jar
9f3cd000-9f3ce000 r--s 00003000 08:01 548980                             /home/god/.gradle/wrapper/dists/gradle-2.8-all/ah86jmo43de9lfa8xg9ux3c4h/gradle-2.8/lib/native-platform-linux-amd64-0.10.jar
9f3ce000-9f3cf000 r--s 00002000 08:01 548978                             /home/god/.gradle/wrapper/dists/gradle-2.8-all/ah86jmo43de9lfa8xg9ux3c4h/gradle-2.8/lib/native-platform-osx-amd64-0.10.jar
9f3cf000-9f3d0000 r--s 00002000 08:01 548976                             /home/god/.gradle/wrapper/dists/gradle-2.8-all/ah86jmo43de9lfa8xg9ux3c4h/gradle-2.8/lib/native-platform-osx-i386-0.10.jar
9f3d0000-9f3d2000 r--s 00008000 08:01 548966                             /home/god/.gradle/wrapper/dists/gradle-2.8-all/ah86jmo43de9lfa8xg9ux3c4h/gradle-2.8/lib/jansi-1.2.1.jar
9f3d2000-9f3d5000 r--s 0000d000 08:01 548964                             /home/god/.gradle/wrapper/dists/gradle-2.8-all/ah86jmo43de9lfa8xg9ux3c4h/gradle-2.8/lib/native-platform-0.10.jar
9f3d5000-9f3d9000 r--s 000e4000 08:01 548962                             /home/god/.gradle/wrapper/dists/gradle-2.8-all/ah86jmo43de9lfa8xg9ux3c4h/gradle-2.8/lib/jna-3.2.7.jar
9f3d9000-9f3db000 r--s 00008000 08:01 548846                             /home/god/.gradle/wrapper/dists/gradle-2.8-all/ah86jmo43de9lfa8xg9ux3c4h/gradle-2.8/lib/gradle-native-2.8.jar
9f3db000-9f44a000 r--s 0063e000 08:01 548854                             /home/god/.gradle/wrapper/dists/gradle-2.8-all/ah86jmo43de9lfa8xg9ux3c4h/gradle-2.8/lib/groovy-all-2.4.4.jar
9f44a000-9f472000 r--s 001cf000 08:01 548850                             /home/god/.gradle/wrapper/dists/gradle-2.8-all/ah86jmo43de9lfa8xg9ux3c4h/gradle-2.8/lib/guava-jdk5-17.0.jar
9f472000-9f4a8000 r--s 001b5000 08:01 548832                             /home/god/.gradle/wrapper/dists/gradle-2.8-all/ah86jmo43de9lfa8xg9ux3c4h/gradle-2.8/lib/gradle-core-2.8.jar
9f4a8000-9f4a9000 ---p 00000000 00:00 0 
9f4a9000-9f529000 rw-p 00000000 00:00 0                                  [stack:17564]
9f529000-9f52c000 ---p 00000000 00:00 0 
9f52c000-9f57a000 rw-p 00000000 00:00 0                                  [stack:17563]
9f57a000-9f57d000 ---p 00000000 00:00 0 
9f57d000-9f5fb000 rw-p 00000000 00:00 0                                  [stack:17562]
9f5fb000-9f5fe000 ---p 00000000 00:00 0 
9f5fe000-9f67c000 rw-p 00000000 00:00 0                                  [stack:17561]
9f67c000-9f67f000 ---p 00000000 00:00 0 
9f67f000-9f6cd000 rw-p 00000000 00:00 0                                  [stack:17560]
9f6cd000-9f83d000 r--p 001bc000 08:01 5512212                            /usr/lib/locale/locale-archive
9f83d000-9f96f000 r--p 006e1000 08:01 5512212                            /usr/lib/locale/locale-archive
9f96f000-9f9af000 r--p 002ec000 08:01 5512212                            /usr/lib/locale/locale-archive
9f9af000-9fbaf000 r--p 00000000 08:01 5512212                            /usr/lib/locale/locale-archive
9fbaf000-9fbb2000 ---p 00000000 00:00 0 
9fbb2000-9fc00000 rw-p 00000000 00:00 0                                  [stack:17559]
9fc00000-9fcfe000 rw-p 00000000 00:00 0 
9fcfe000-9fd00000 ---p 00000000 00:00 0 
9fd00000-9fd02000 r--s 00005000 08:01 548836                             /home/god/.gradle/wrapper/dists/gradle-2.8-all/ah86jmo43de9lfa8xg9ux3c4h/gradle-2.8/lib/gradle-cli-2.8.jar
9fd02000-9fd03000 r--s 00007000 08:01 548858                             /home/god/.gradle/wrapper/dists/gradle-2.8-all/ah86jmo43de9lfa8xg9ux3c4h/gradle-2.8/lib/gradle-model-groovy-2.8.jar
9fd03000-9fd04000 r--s 00006000 08:01 548902                             /home/god/.gradle/wrapper/dists/gradle-2.8-all/ah86jmo43de9lfa8xg9ux3c4h/gradle-2.8/lib/gradle-base-services-groovy-2.8.jar
9fd04000-9fd10000 r--s 00067000 08:01 548856                             /home/god/.gradle/wrapper/dists/gradle-2.8-all/ah86jmo43de9lfa8xg9ux3c4h/gradle-2.8/lib/gradle-model-core-2.8.jar
9fd10000-9fd11000 r--s 00000000 08:01 548950                             /home/god/.gradle/wrapper/dists/gradle-2.8-all/ah86jmo43de9lfa8xg9ux3c4h/gradle-2.8/lib/gradle-docs-2.8.jar
9fd11000-9fd13000 r--s 00003000 08:01 548954                             /home/god/.gradle/wrapper/dists/gradle-2.8-all/ah86jmo43de9lfa8xg9ux3c4h/gradle-2.8/lib/jcl-over-slf4j-1.7.10.jar
9fd13000-9fd16000 r--s 0001b000 08:01 548896                             /home/god/.gradle/wrapper/dists/gradle-2.8-all/ah86jmo43de9lfa8xg9ux3c4h/gradle-2.8/lib/jarjar-1.3.jar
9fd16000-9fd24000 r--s 0007f000 08:01 548864                             /home/god/.gradle/wrapper/dists/gradle-2.8-all/ah86jmo43de9lfa8xg9ux3c4h/gradle-2.8/lib/commons-collections-3.2.1.jar
9fd24000-9fd27000 ---p 00000000 00:00 0 
9fd27000-9fd75000 rw-p 00000000 00:00 0                                  [stack:17558]
9fd75000-9fd76000 ---p 00000000 00:00 0 
9fd76000-9fe41000 rw-p 00000000 00:00 0                                  [stack:17557]
9fe41000-a0000000 r--s 039eb000 08:01 5649245                            /usr/lib/jvm/jdk1.7.0_75/jre/lib/rt.jar
a0000000-a2d00000 rw-p 00000000 00:00 0 
a2d00000-a2dfa000 rw-p 00000000 00:00 0 
a2dfa000-a2e00000 ---p 00000000 00:00 0 
a2e00000-a2e01000 r--s 00005000 08:01 548952                             /home/god/.gradle/wrapper/dists/gradle-2.8-all/ah86jmo43de9lfa8xg9ux3c4h/gradle-2.8/lib/log4j-over-slf4j-1.7.10.jar
a2e01000-a2e02000 r--s 00000000 08:01 548898                             /home/god/.gradle/wrapper/dists/gradle-2.8-all/ah86jmo43de9lfa8xg9ux3c4h/gradle-2.8/lib/javax.inject-1.jar
a2e02000-a2e04000 r--s 00000000 08:01 548894                             /home/god/.gradle/wrapper/dists/gradle-2.8-all/ah86jmo43de9lfa8xg9ux3c4h/gradle-2.8/lib/jul-to-slf4j-1.7.10.jar
a2e04000-a2e05000 r--s 00000000 08:01 548890                             /home/god/.gradle/wrapper/dists/gradle-2.8-all/ah86jmo43de9lfa8xg9ux3c4h/gradle-2.8/lib/jcip-annotations-1.0.jar
a2e05000-a2e24000 r--s 001cc000 08:01 548862                             /home/god/.gradle/wrapper/dists/gradle-2.8-all/ah86jmo43de9lfa8xg9ux3c4h/gradle-2.8/lib/ant-1.9.3.jar
a2e24000-a2e7f000 rw-p 00000000 00:00 0 
a2e7f000-a2e80000 ---p 00000000 00:00 0 
a2e80000-a2f00000 rw-p 00000000 00:00 0                                  [stack:17556]
a2f00000-a2f3d000 rw-p 00000000 00:00 0 
a2f3d000-a3000000 ---p 00000000 00:00 0 
a3000000-a3005000 r--s 00036000 08:01 548860                             /home/god/.gradle/wrapper/dists/gradle-2.8-all/ah86jmo43de9lfa8xg9ux3c4h/gradle-2.8/lib/asm-all-5.0.3.jar
a3005000-a300a000 r--s 00041000 08:01 548852                             /home/god/.gradle/wrapper/dists/gradle-2.8-all/ah86jmo43de9lfa8xg9ux3c4h/gradle-2.8/lib/commons-lang-2.6.jar
a300a000-a3028000 rw-p 00000000 00:00 0 
a3028000-a3029000 ---p 00000000 00:00 0 
a3029000-a30b7000 rw-p 00000000 00:00 0                                  [stack:17555]
a30b7000-a3129000 rw-p 00000000 00:00 0 
a3129000-a313c000 rw-p 00000000 00:00 0 
a313c000-a327f000 rw-p 00000000 00:00 0 
a327f000-a328d000 rw-p 00000000 00:00 0 
a328d000-a32ff000 rw-p 00000000 00:00 0 
a32ff000-a3312000 rw-p 00000000 00:00 0 
a3312000-a3454000 rw-p 00000000 00:00 0 
a3454000-a349e000 rw-p 00000000 00:00 0 
a349e000-a34ff000 rw-p 00000000 00:00 0 
a34ff000-a5000000 rw-p 00000000 00:00 0 
a5000000-b3500000 rw-p 00000000 00:00 0 
b3500000-b5ac0000 rw-p 00000000 00:00 0 
b5ac0000-ddf80000 rw-p 00000000 00:00 0 
ddf80000-e7240000 rw-p 00000000 00:00 0 
ea866000-ea867000 rw-p 00000000 00:00 0 
ea9bf000-ea9c0000 rw-p 00000000 00:00 0 
ea9c0000-f3500000 rw-p 00000000 00:00 0 
f3500000-f3503000 r--s 00018000 08:01 548868                             /home/god/.gradle/wrapper/dists/gradle-2.8-all/ah86jmo43de9lfa8xg9ux3c4h/gradle-2.8/lib/commons-io-1.4.jar
f3503000-f3504000 r--s 00007000 08:01 548848                             /home/god/.gradle/wrapper/dists/gradle-2.8-all/ah86jmo43de9lfa8xg9ux3c4h/gradle-2.8/lib/slf4j-api-1.7.10.jar
f3504000-f350e000 r--s 0004a000 08:01 548818                             /home/god/.gradle/wrapper/dists/gradle-2.8-all/ah86jmo43de9lfa8xg9ux3c4h/gradle-2.8/lib/gradle-launcher-2.8.jar
f350e000-f351b000 rw-p 00000000 00:00 0 
f351b000-f35ce000 rw-p 00000000 00:00 0 
f35ce000-f3906000 rwxp 00000000 00:00 0 
f3906000-f65ce000 rw-p 00000000 00:00 0 
f65ce000-f65d9000 r-xp 00000000 08:01 1447229                            /lib/i386-linux-gnu/libnss_files-2.19.so
f65d9000-f65da000 r--p 0000a000 08:01 1447229                            /lib/i386-linux-gnu/libnss_files-2.19.so
f65da000-f65db000 rw-p 0000b000 08:01 1447229                            /lib/i386-linux-gnu/libnss_files-2.19.so
f65db000-f65e5000 r-xp 00000000 08:01 1447217                            /lib/i386-linux-gnu/libnss_nis-2.19.so
f65e5000-f65e6000 r--p 00009000 08:01 1447217                            /lib/i386-linux-gnu/libnss_nis-2.19.so
f65e6000-f65e7000 rw-p 0000a000 08:01 1447217                            /lib/i386-linux-gnu/libnss_nis-2.19.so
f65e7000-f65fc000 r-xp 00000000 08:01 1447237                            /lib/i386-linux-gnu/libnsl-2.19.so
f65fc000-f65fd000 r--p 00015000 08:01 1447237                            /lib/i386-linux-gnu/libnsl-2.19.so
f65fd000-f65fe000 rw-p 00016000 08:01 1447237                            /lib/i386-linux-gnu/libnsl-2.19.so
f65fe000-f6600000 rw-p 00000000 00:00 0 
f6600000-f66f3000 rw-p 00000000 00:00 0 
f66f3000-f6700000 ---p 00000000 00:00 0 
f6700000-f6701000 r--s 00004000 08:01 548968                             /home/god/.gradle/wrapper/dists/gradle-2.8-all/ah86jmo43de9lfa8xg9ux3c4h/gradle-2.8/lib/ant-launcher-1.9.3.jar
f6701000-f6708000 r--s 00032000 08:01 548828                             /home/god/.gradle/wrapper/dists/gradle-2.8-all/ah86jmo43de9lfa8xg9ux3c4h/gradle-2.8/lib/gradle-base-services-2.8.jar
f6708000-f671f000 r-xp 00000000 08:01 5649202                            /usr/lib/jvm/jdk1.7.0_75/jre/lib/i386/libzip.so
f671f000-f6720000 rw-p 00017000 08:01 5649202                            /usr/lib/jvm/jdk1.7.0_75/jre/lib/i386/libzip.so
f6720000-f6743000 r-xp 00000000 08:01 5649230                            /usr/lib/jvm/jdk1.7.0_75/jre/lib/i386/libjava.so
f6743000-f6744000 rw-p 00023000 08:01 5649230                            /usr/lib/jvm/jdk1.7.0_75/jre/lib/i386/libjava.so
f6744000-f674b000 r-xp 00000000 08:01 1447227                            /lib/i386-linux-gnu/librt-2.19.so
f674b000-f674c000 r--p 00006000 08:01 1447227                            /lib/i386-linux-gnu/librt-2.19.so
f674c000-f674d000 rw-p 00007000 08:01 1447227                            /lib/i386-linux-gnu/librt-2.19.so
f674d000-f6750000 ---p 00000000 00:00 0 
f6750000-f679e000 rw-p 00000000 00:00 0                                  [stack:17554]
f679e000-f67e2000 r-xp 00000000 08:01 1446870                            /lib/i386-linux-gnu/libm-2.19.so
f67e2000-f67e3000 r--p 00043000 08:01 1446870                            /lib/i386-linux-gnu/libm-2.19.so
f67e3000-f67e4000 rw-p 00044000 08:01 1446870                            /lib/i386-linux-gnu/libm-2.19.so
f67e4000-f7069000 r-xp 00000000 08:01 5649178                            /usr/lib/jvm/jdk1.7.0_75/jre/lib/i386/server/libjvm.so
f7069000-f70cd000 rw-p 00885000 08:01 5649178                            /usr/lib/jvm/jdk1.7.0_75/jre/lib/i386/server/libjvm.so
f70cd000-f74f1000 rw-p 00000000 00:00 0 
f74f1000-f7699000 r-xp 00000000 08:01 1447225                            /lib/i386-linux-gnu/libc-2.19.so
f7699000-f769b000 r--p 001a8000 08:01 1447225                            /lib/i386-linux-gnu/libc-2.19.so
f769b000-f769c000 rw-p 001aa000 08:01 1447225                            /lib/i386-linux-gnu/libc-2.19.so
f769c000-f769f000 rw-p 00000000 00:00 0 
f769f000-f76a2000 r-xp 00000000 08:01 1447219                            /lib/i386-linux-gnu/libdl-2.19.so
f76a2000-f76a3000 r--p 00002000 08:01 1447219                            /lib/i386-linux-gnu/libdl-2.19.so
f76a3000-f76a4000 rw-p 00003000 08:01 1447219                            /lib/i386-linux-gnu/libdl-2.19.so
f76a4000-f76a5000 rw-p 00000000 00:00 0 
f76a5000-f76b8000 r-xp 00000000 08:01 5525535                            /usr/lib/jvm/jdk1.7.0_75/lib/i386/jli/libjli.so
f76b8000-f76b9000 rw-p 00012000 08:01 5525535                            /usr/lib/jvm/jdk1.7.0_75/lib/i386/jli/libjli.so
f76b9000-f76d1000 r-xp 00000000 08:01 1447209                            /lib/i386-linux-gnu/libpthread-2.19.so
f76d1000-f76d2000 r--p 00018000 08:01 1447209                            /lib/i386-linux-gnu/libpthread-2.19.so
f76d2000-f76d3000 rw-p 00019000 08:01 1447209                            /lib/i386-linux-gnu/libpthread-2.19.so
f76d3000-f76d5000 rw-p 00000000 00:00 0 
f76d5000-f76d6000 r--p 00469000 08:01 5512212                            /usr/lib/locale/locale-archive
f76d6000-f76de000 rw-s 00000000 08:01 2500979                            /tmp/hsperfdata_god/17550
f76de000-f76e5000 r-xp 00000000 08:01 1447203                            /lib/i386-linux-gnu/libnss_compat-2.19.so
f76e5000-f76e6000 r--p 00006000 08:01 1447203                            /lib/i386-linux-gnu/libnss_compat-2.19.so
f76e6000-f76e7000 rw-p 00007000 08:01 1447203                            /lib/i386-linux-gnu/libnss_compat-2.19.so
f76e7000-f76e8000 rw-p 00000000 00:00 0 
f76e8000-f76e9000 ---p 00000000 00:00 0 
f76e9000-f76f4000 r-xp 00000000 08:01 5649193                            /usr/lib/jvm/jdk1.7.0_75/jre/lib/i386/libverify.so
f76f4000-f76f5000 rw-p 0000b000 08:01 5649193                            /usr/lib/jvm/jdk1.7.0_75/jre/lib/i386/libverify.so
f76f5000-f76f7000 rw-p 00000000 00:00 0 
f76f7000-f76f8000 r-xp 00000000 00:00 0                                  [vdso]
f76f8000-f76fa000 r--p 00000000 00:00 0                                  [vvar]
f76fa000-f771a000 r-xp 00000000 08:01 1447231                            /lib/i386-linux-gnu/ld-2.19.so
f771a000-f771b000 r--p 0001f000 08:01 1447231                            /lib/i386-linux-gnu/ld-2.19.so
f771b000-f771c000 rw-p 00020000 08:01 1447231                            /lib/i386-linux-gnu/ld-2.19.so
fff4b000-fff4c000 rwxp 00000000 00:00 0 
fff7e000-fff9f000 rw-p 00000000 00:00 0                                  [stack]

VM Arguments:
jvm_args: -XX:MaxPermSize=256m -XX:+HeapDumpOnOutOfMemoryError -Xmx1024m -Dfile.encoding=UTF-8 -Duser.country=US -Duser.language=en -Duser.variant 
java_command: org.gradle.launcher.daemon.bootstrap.GradleDaemon 2.8
Launcher Type: SUN_STANDARD

Environment Variables:
JAVA_HOME=/usr/lib/jvm/java-8-oracle
PATH=/home/god/bin:/usr/local/sbin:/usr/local/bin:/usr/sbin:/usr/bin:/sbin:/bin:/usr/games:/usr/local/games:/usr/local/go/bin:/home/god/go/bin
LD_LIBRARY_PATH=.:
SHELL=/bin/bash
DISPLAY=:0

Signal Handlers:
SIGSEGV: [libjvm.so+0x7e9f40], sa_mask[0]=0x7ffbfeff, sa_flags=0x10000004
SIGBUS: [libjvm.so+0x7e9f40], sa_mask[0]=0x7ffbfeff, sa_flags=0x10000004
SIGFPE: [libjvm.so+0x682680], sa_mask[0]=0x7ffbfeff, sa_flags=0x10000004
SIGPIPE: [libjvm.so+0x682680], sa_mask[0]=0x7ffbfeff, sa_flags=0x10000004
SIGXFSZ: [libjvm.so+0x682680], sa_mask[0]=0x7ffbfeff, sa_flags=0x10000004
SIGILL: [libjvm.so+0x682680], sa_mask[0]=0x7ffbfeff, sa_flags=0x10000004
SIGUSR1: SIG_DFL, sa_mask[0]=0x00000000, sa_flags=0x00000000
SIGUSR2: [libjvm.so+0x683e80], sa_mask[0]=0x00000004, sa_flags=0x10000004
SIGHUP: [libjvm.so+0x6851b0], sa_mask[0]=0x7ffbfeff, sa_flags=0x10000004
SIGINT: [libjvm.so+0x6851b0], sa_mask[0]=0x7ffbfeff, sa_flags=0x10000004
SIGTERM: [libjvm.so+0x6851b0], sa_mask[0]=0x7ffbfeff, sa_flags=0x10000004
SIGQUIT: [libjvm.so+0x6851b0], sa_mask[0]=0x7ffbfeff, sa_flags=0x10000004


---------------  S Y S T E M  ---------------

OS:jessie/sid

uname:Linux 3.16.0-62-generic #83~14.04.1-Ubuntu SMP Fri Feb 26 22:52:39 UTC 2016 x86_64
libc:glibc 2.19 NPTL 2.19 
rlimit: STACK 8192k, CORE 0k, NPROC 14417, NOFILE 64000, AS infinity
load average:9,92 5,64 3,20

/proc/meminfo:
MemTotal:        3712244 kB
MemFree:          108080 kB
MemAvailable:      51440 kB
Buffers:             416 kB
Cached:           364500 kB
SwapCached:            0 kB
Active:          3087464 kB
Inactive:         333028 kB
Active(anon):    3078704 kB
Inactive(anon):   323316 kB
Active(file):       8760 kB
Inactive(file):     9712 kB
Unevictable:        1844 kB
Mlocked:            1844 kB
SwapTotal:             0 kB
SwapFree:              0 kB
Dirty:               304 kB
Writeback:             0 kB
AnonPages:       3057588 kB
Mapped:            60032 kB
Shmem:            346276 kB
Slab:              75188 kB
SReclaimable:      37188 kB
SUnreclaim:        38000 kB
KernelStack:       10464 kB
PageTables:        45440 kB
NFS_Unstable:          0 kB
Bounce:                0 kB
WritebackTmp:          0 kB
CommitLimit:     1856120 kB
Committed_AS:    9330268 kB
VmallocTotal:   34359738367 kB
VmallocUsed:      348800 kB
VmallocChunk:   34359325952 kB
HardwareCorrupted:     0 kB
AnonHugePages:    911360 kB
HugePages_Total:       0
HugePages_Free:        0
HugePages_Rsvd:        0
HugePages_Surp:        0
Hugepagesize:       2048 kB
DirectMap4k:       74496 kB
DirectMap2M:     3780608 kB


CPU:total 2 (2 cores per cpu, 1 threads per core) family 6 model 37 stepping 5, cmov, cx8, fxsr, mmx, sse, sse2, sse3, ssse3, popcnt, tsc, tscinvbit

/proc/cpuinfo:
processor	: 0
vendor_id	: GenuineIntel
cpu family	: 6
model		: 37
model name	: Intel(R) Pentium(R) CPU        P6200  @ 2.13GHz
stepping	: 5
microcode	: 0x2
cpu MHz		: 2133.000
cache size	: 3072 KB
physical id	: 0
siblings	: 2
core id		: 0
cpu cores	: 2
apicid		: 0
initial apicid	: 0
fpu		: yes
fpu_exception	: yes
cpuid level	: 11
wp		: yes
flags		: fpu vme de pse tsc msr pae mce cx8 apic sep mtrr pge mca cmov pat pse36 clflush dts acpi mmx fxsr sse sse2 ss ht tm pbe syscall nx rdtscp lm constant_tsc arch_perfmon pebs bts rep_good nopl xtopology nonstop_tsc aperfmperf pni dtes64 monitor ds_cpl est tm2 ssse3 cx16 xtpr pdcm pcid popcnt lahf_lm arat dtherm
bogomips	: 4266.43
clflush size	: 64
cache_alignment	: 64
address sizes	: 36 bits physical, 48 bits virtual
power management:

processor	: 1
vendor_id	: GenuineIntel
cpu family	: 6
model		: 37
model name	: Intel(R) Pentium(R) CPU        P6200  @ 2.13GHz
stepping	: 5
microcode	: 0x2
cpu MHz		: 2133.000
cache size	: 3072 KB
physical id	: 0
siblings	: 2
core id		: 2
cpu cores	: 2
apicid		: 4
initial apicid	: 4
fpu		: yes
fpu_exception	: yes
cpuid level	: 11
wp		: yes
flags		: fpu vme de pse tsc msr pae mce cx8 apic sep mtrr pge mca cmov pat pse36 clflush dts acpi mmx fxsr sse sse2 ss ht tm pbe syscall nx rdtscp lm constant_tsc arch_perfmon pebs bts rep_good nopl xtopology nonstop_tsc aperfmperf pni dtes64 monitor ds_cpl est tm2 ssse3 cx16 xtpr pdcm pcid popcnt lahf_lm arat dtherm
bogomips	: 4266.43
clflush size	: 64
cache_alignment	: 64
address sizes	: 36 bits physical, 48 bits virtual
power management:



Memory: 4k page, physical 3712244k(108080k free), swap 0k(0k free)

vm_info: Java HotSpot(TM) Server VM (24.75-b04) for linux-x86 JRE (1.7.0_75-b13), built on Dec 18 2014 18:09:52 by "java_re" with gcc 4.3.0 20080428 (Red Hat 4.3.0-8)

time: Thu Mar 31 16:48:25 2016
elapsed time: 178 seconds

